<?xml version="1.0" encoding="UTF-8"?>
<!-- Generated by org.testng.reporters.JUnitReportReporter -->
<testsuite hostname="DESKTOP-A3JON40" name="testCase.SeleniumTestCase" tests="3" failures="0" timestamp="23 Sep 2025 12:53:32 GMT" time="27.405" errors="0">
  <testcase name="negativeUsername" time="14.098" classname="testCase.SeleniumTestCase"/>
  <testcase name="loginSuccess" time="5.756" classname="testCase.SeleniumTestCase"/>
  <testcase name="negativePassword" time="7.551" classname="testCase.SeleniumTestCase"/>
</testsuite> <!-- testCase.SeleniumTestCase -->
