<?xml version="1.0" encoding="UTF-8"?>
<testsuite xmlns:xsi="http://www.w3.org/2001/XMLSchema-instance" xsi:noNamespaceSchemaLocation="https://maven.apache.org/surefire/maven-surefire-plugin/xsd/surefire-test-report-3.0.xsd" version="3.0" name="testCase.SeleniumTestCase" time="32.845" tests="3" errors="0" skipped="0" failures="0">
  <properties>
    <property name="sun.desktop" value="windows"/>
    <property name="awt.toolkit" value="sun.awt.windows.WToolkit"/>
    <property name="file.encoding.pkg" value="sun.io"/>
    <property name="java.specification.version" value="1.8"/>
    <property name="sun.cpu.isalist" value="amd64"/>
    <property name="sun.jnu.encoding" value="GBK"/>
    <property name="java.class.path" value="E:\Users\gaojuntao\eclipse-workspace\SeleniumBasicVerification\target\test-classes;E:\Users\gaojuntao\eclipse-workspace\SeleniumBasicVerification\target\classes;C:\Users\gaojuntao\.m2\repository\org\seleniumhq\selenium\selenium-java\4.1.2\selenium-java-4.1.2.jar;C:\Users\gaojuntao\.m2\repository\org\seleniumhq\selenium\selenium-api\4.1.2\selenium-api-4.1.2.jar;C:\Users\gaojuntao\.m2\repository\org\seleniumhq\selenium\selenium-chrome-driver\4.1.2\selenium-chrome-driver-4.1.2.jar;C:\Users\gaojuntao\.m2\repository\com\google\auto\service\auto-service-annotations\1.0.1\auto-service-annotations-1.0.1.jar;C:\Users\gaojuntao\.m2\repository\com\google\auto\service\auto-service\1.0.1\auto-service-1.0.1.jar;C:\Users\gaojuntao\.m2\repository\com\google\auto\auto-common\1.2\auto-common-1.2.jar;C:\Users\gaojuntao\.m2\repository\com\google\guava\guava\31.0.1-jre\guava-31.0.1-jre.jar;C:\Users\gaojuntao\.m2\repository\com\google\guava\failureaccess\1.0.1\failureaccess-1.0.1.jar;C:\Users\gaojuntao\.m2\repository\com\google\guava\listenablefuture\9999.0-empty-to-avoid-conflict-with-guava\listenablefuture-9999.0-empty-to-avoid-conflict-with-guava.jar;C:\Users\gaojuntao\.m2\repository\com\google\code\findbugs\jsr305\3.0.2\jsr305-3.0.2.jar;C:\Users\gaojuntao\.m2\repository\org\checkerframework\checker-qual\3.12.0\checker-qual-3.12.0.jar;C:\Users\gaojuntao\.m2\repository\com\google\errorprone\error_prone_annotations\2.7.1\error_prone_annotations-2.7.1.jar;C:\Users\gaojuntao\.m2\repository\com\google\j2objc\j2objc-annotations\1.3\j2objc-annotations-1.3.jar;C:\Users\gaojuntao\.m2\repository\org\seleniumhq\selenium\selenium-chromium-driver\4.1.2\selenium-chromium-driver-4.1.2.jar;C:\Users\gaojuntao\.m2\repository\org\seleniumhq\selenium\selenium-json\4.1.2\selenium-json-4.1.2.jar;C:\Users\gaojuntao\.m2\repository\org\seleniumhq\selenium\selenium-devtools-v85\4.1.2\selenium-devtools-v85-4.1.2.jar;C:\Users\gaojuntao\.m2\repository\org\seleniumhq\selenium\selenium-devtools-v95\4.1.2\selenium-devtools-v95-4.1.2.jar;C:\Users\gaojuntao\.m2\repository\org\seleniumhq\selenium\selenium-devtools-v96\4.1.2\selenium-devtools-v96-4.1.2.jar;C:\Users\gaojuntao\.m2\repository\org\seleniumhq\selenium\selenium-devtools-v97\4.1.2\selenium-devtools-v97-4.1.2.jar;C:\Users\gaojuntao\.m2\repository\org\seleniumhq\selenium\selenium-edge-driver\4.1.2\selenium-edge-driver-4.1.2.jar;C:\Users\gaojuntao\.m2\repository\org\seleniumhq\selenium\selenium-firefox-driver\4.1.2\selenium-firefox-driver-4.1.2.jar;C:\Users\gaojuntao\.m2\repository\org\seleniumhq\selenium\selenium-firefox-xpi-driver\4.1.2\selenium-firefox-xpi-driver-4.1.2.jar;C:\Users\gaojuntao\.m2\repository\org\seleniumhq\selenium\selenium-ie-driver\4.1.2\selenium-ie-driver-4.1.2.jar;C:\Users\gaojuntao\.m2\repository\org\seleniumhq\selenium\selenium-opera-driver\4.1.2\selenium-opera-driver-4.1.2.jar;C:\Users\gaojuntao\.m2\repository\org\seleniumhq\selenium\selenium-remote-driver\4.1.2\selenium-remote-driver-4.1.2.jar;C:\Users\gaojuntao\.m2\repository\io\netty\netty-buffer\4.1.73.Final\netty-buffer-4.1.73.Final.jar;C:\Users\gaojuntao\.m2\repository\io\netty\netty-codec-http\4.1.73.Final\netty-codec-http-4.1.73.Final.jar;C:\Users\gaojuntao\.m2\repository\io\netty\netty-codec\4.1.73.Final\netty-codec-4.1.73.Final.jar;C:\Users\gaojuntao\.m2\repository\io\netty\netty-handler\4.1.73.Final\netty-handler-4.1.73.Final.jar;C:\Users\gaojuntao\.m2\repository\io\netty\netty-tcnative-classes\2.0.46.Final\netty-tcnative-classes-2.0.46.Final.jar;C:\Users\gaojuntao\.m2\repository\io\netty\netty-common\4.1.73.Final\netty-common-4.1.73.Final.jar;C:\Users\gaojuntao\.m2\repository\io\netty\netty-transport-classes-epoll\4.1.73.Final\netty-transport-classes-epoll-4.1.73.Final.jar;C:\Users\gaojuntao\.m2\repository\io\netty\netty-transport-classes-kqueue\4.1.73.Final\netty-transport-classes-kqueue-4.1.73.Final.jar;C:\Users\gaojuntao\.m2\repository\io\netty\netty-transport-native-epoll\4.1.73.Final\netty-transport-native-epoll-4.1.73.Final.jar;C:\Users\gaojuntao\.m2\repository\io\netty\netty-transport-native-kqueue\4.1.73.Final\netty-transport-native-kqueue-4.1.73.Final.jar;C:\Users\gaojuntao\.m2\repository\io\netty\netty-transport-native-unix-common\4.1.73.Final\netty-transport-native-unix-common-4.1.73.Final.jar;C:\Users\gaojuntao\.m2\repository\io\netty\netty-transport\4.1.73.Final\netty-transport-4.1.73.Final.jar;C:\Users\gaojuntao\.m2\repository\io\netty\netty-resolver\4.1.73.Final\netty-resolver-4.1.73.Final.jar;C:\Users\gaojuntao\.m2\repository\io\opentelemetry\opentelemetry-api\1.10.1\opentelemetry-api-1.10.1.jar;C:\Users\gaojuntao\.m2\repository\io\opentelemetry\opentelemetry-context\1.10.1\opentelemetry-context-1.10.1.jar;C:\Users\gaojuntao\.m2\repository\io\opentelemetry\opentelemetry-exporter-logging\1.10.1\opentelemetry-exporter-logging-1.10.1.jar;C:\Users\gaojuntao\.m2\repository\io\opentelemetry\opentelemetry-sdk-metrics\1.10.1-alpha\opentelemetry-sdk-metrics-1.10.1-alpha.jar;C:\Users\gaojuntao\.m2\repository\io\opentelemetry\opentelemetry-sdk-logs\1.10.1-alpha\opentelemetry-sdk-logs-1.10.1-alpha.jar;C:\Users\gaojuntao\.m2\repository\io\opentelemetry\opentelemetry-sdk-common\1.10.1\opentelemetry-sdk-common-1.10.1.jar;C:\Users\gaojuntao\.m2\repository\io\opentelemetry\opentelemetry-sdk-extension-autoconfigure-spi\1.10.1\opentelemetry-sdk-extension-autoconfigure-spi-1.10.1.jar;C:\Users\gaojuntao\.m2\repository\io\opentelemetry\opentelemetry-sdk-extension-autoconfigure\1.10.1-alpha\opentelemetry-sdk-extension-autoconfigure-1.10.1-alpha.jar;C:\Users\gaojuntao\.m2\repository\io\opentelemetry\opentelemetry-sdk-trace\1.10.1\opentelemetry-sdk-trace-1.10.1.jar;C:\Users\gaojuntao\.m2\repository\io\opentelemetry\opentelemetry-sdk\1.10.1\opentelemetry-sdk-1.10.1.jar;C:\Users\gaojuntao\.m2\repository\io\opentelemetry\opentelemetry-semconv\1.10.1-alpha\opentelemetry-semconv-1.10.1-alpha.jar;C:\Users\gaojuntao\.m2\repository\io\ous\jtoml\2.0.0\jtoml-2.0.0.jar;C:\Users\gaojuntao\.m2\repository\net\bytebuddy\byte-buddy\1.12.7\byte-buddy-1.12.7.jar;C:\Users\gaojuntao\.m2\repository\org\apache\commons\commons-exec\1.3\commons-exec-1.3.jar;C:\Users\gaojuntao\.m2\repository\org\asynchttpclient\async-http-client\2.12.3\async-http-client-2.12.3.jar;C:\Users\gaojuntao\.m2\repository\org\asynchttpclient\async-http-client-netty-utils\2.12.3\async-http-client-netty-utils-2.12.3.jar;C:\Users\gaojuntao\.m2\repository\io\netty\netty-codec-socks\4.1.60.Final\netty-codec-socks-4.1.60.Final.jar;C:\Users\gaojuntao\.m2\repository\io\netty\netty-handler-proxy\4.1.60.Final\netty-handler-proxy-4.1.60.Final.jar;C:\Users\gaojuntao\.m2\repository\io\netty\netty-transport-native-epoll\4.1.60.Final\netty-transport-native-epoll-4.1.60.Final-linux-x86_64.jar;C:\Users\gaojuntao\.m2\repository\io\netty\netty-transport-native-kqueue\4.1.60.Final\netty-transport-native-kqueue-4.1.60.Final-osx-x86_64.jar;C:\Users\gaojuntao\.m2\repository\org\reactivestreams\reactive-streams\1.0.3\reactive-streams-1.0.3.jar;C:\Users\gaojuntao\.m2\repository\com\typesafe\netty\netty-reactive-streams\2.0.4\netty-reactive-streams-2.0.4.jar;C:\Users\gaojuntao\.m2\repository\com\sun\activation\jakarta.activation\1.2.2\jakarta.activation-1.2.2.jar;C:\Users\gaojuntao\.m2\repository\org\seleniumhq\selenium\selenium-http\4.1.2\selenium-http-4.1.2.jar;C:\Users\gaojuntao\.m2\repository\net\jodah\failsafe\2.4.4\failsafe-2.4.4.jar;C:\Users\gaojuntao\.m2\repository\org\seleniumhq\selenium\selenium-safari-driver\4.1.2\selenium-safari-driver-4.1.2.jar;C:\Users\gaojuntao\.m2\repository\org\seleniumhq\selenium\selenium-support\4.1.2\selenium-support-4.1.2.jar;C:\Users\gaojuntao\.m2\repository\org\testng\testng\6.4\testng-6.4.jar;C:\Users\gaojuntao\.m2\repository\junit\junit\3.8.1\junit-3.8.1.jar;C:\Users\gaojuntao\.m2\repository\org\beanshell\bsh\2.0b4\bsh-2.0b4.jar;C:\Users\gaojuntao\.m2\repository\com\beust\jcommander\1.12\jcommander-1.12.jar;C:\Users\gaojuntao\.m2\repository\org\yaml\snakeyaml\1.6\snakeyaml-1.6.jar;C:\Users\gaojuntao\.m2\repository\io\github\bonigarcia\webdrivermanager\4.4.1\webdrivermanager-4.4.1.jar;C:\Users\gaojuntao\.m2\repository\org\slf4j\slf4j-api\1.7.30\slf4j-api-1.7.30.jar;C:\Users\gaojuntao\.m2\repository\commons-io\commons-io\2.8.0\commons-io-2.8.0.jar;C:\Users\gaojuntao\.m2\repository\com\google\code\gson\gson\2.8.6\gson-2.8.6.jar;C:\Users\gaojuntao\.m2\repository\org\apache\commons\commons-lang3\3.12.0\commons-lang3-3.12.0.jar;C:\Users\gaojuntao\.m2\repository\org\apache\httpcomponents\client5\httpclient5\5.0.3\httpclient5-5.0.3.jar;C:\Users\gaojuntao\.m2\repository\org\apache\httpcomponents\core5\httpcore5\5.0.2\httpcore5-5.0.2.jar;C:\Users\gaojuntao\.m2\repository\org\apache\httpcomponents\core5\httpcore5-h2\5.0.2\httpcore5-h2-5.0.2.jar;C:\Users\gaojuntao\.m2\repository\commons-codec\commons-codec\1.13\commons-codec-1.13.jar;C:\Users\gaojuntao\.m2\repository\org\rauschig\jarchivelib\1.1.0\jarchivelib-1.1.0.jar;C:\Users\gaojuntao\.m2\repository\org\apache\commons\commons-compress\1.20\commons-compress-1.20.jar;C:\Users\gaojuntao\.m2\repository\org\jsoup\jsoup\1.13.1\jsoup-1.13.1.jar;C:\Users\gaojuntao\.m2\repository\ch\qos\logback\logback-classic\1.2.3\logback-classic-1.2.3.jar;C:\Users\gaojuntao\.m2\repository\ch\qos\logback\logback-core\1.2.3\logback-core-1.2.3.jar;"/>
    <property name="java.vm.vendor" value="Oracle Corporation"/>
    <property name="sun.arch.data.model" value="64"/>
    <property name="user.variant" value=""/>
    <property name="java.vendor.url" value="https://java.oracle.com/"/>
    <property name="user.timezone" value="Asia/Shanghai"/>
    <property name="java.vm.specification.version" value="1.8"/>
    <property name="os.name" value="Windows 10"/>
    <property name="user.country" value="CN"/>
    <property name="sun.java.launcher" value="SUN_STANDARD"/>
    <property name="sun.boot.library.path" value="E:\Program Files\Java\jdk-1.8\jre\bin"/>
    <property name="sun.java.command" value="C:\Users\gaojuntao\AppData\Local\Temp\surefire6442043171122451513\surefirebooter-20250923205259179_3.jar C:\Users\gaojuntao\AppData\Local\Temp\surefire6442043171122451513 2025-09-23T20-52-58_972-jvmRun1 surefire-20250923205259179_1tmp surefire_0-20250923205259179_2tmp"/>
    <property name="surefire.test.class.path" value="E:\Users\gaojuntao\eclipse-workspace\SeleniumBasicVerification\target\test-classes;E:\Users\gaojuntao\eclipse-workspace\SeleniumBasicVerification\target\classes;C:\Users\gaojuntao\.m2\repository\org\seleniumhq\selenium\selenium-java\4.1.2\selenium-java-4.1.2.jar;C:\Users\gaojuntao\.m2\repository\org\seleniumhq\selenium\selenium-api\4.1.2\selenium-api-4.1.2.jar;C:\Users\gaojuntao\.m2\repository\org\seleniumhq\selenium\selenium-chrome-driver\4.1.2\selenium-chrome-driver-4.1.2.jar;C:\Users\gaojuntao\.m2\repository\com\google\auto\service\auto-service-annotations\1.0.1\auto-service-annotations-1.0.1.jar;C:\Users\gaojuntao\.m2\repository\com\google\auto\service\auto-service\1.0.1\auto-service-1.0.1.jar;C:\Users\gaojuntao\.m2\repository\com\google\auto\auto-common\1.2\auto-common-1.2.jar;C:\Users\gaojuntao\.m2\repository\com\google\guava\guava\31.0.1-jre\guava-31.0.1-jre.jar;C:\Users\gaojuntao\.m2\repository\com\google\guava\failureaccess\1.0.1\failureaccess-1.0.1.jar;C:\Users\gaojuntao\.m2\repository\com\google\guava\listenablefuture\9999.0-empty-to-avoid-conflict-with-guava\listenablefuture-9999.0-empty-to-avoid-conflict-with-guava.jar;C:\Users\gaojuntao\.m2\repository\com\google\code\findbugs\jsr305\3.0.2\jsr305-3.0.2.jar;C:\Users\gaojuntao\.m2\repository\org\checkerframework\checker-qual\3.12.0\checker-qual-3.12.0.jar;C:\Users\gaojuntao\.m2\repository\com\google\errorprone\error_prone_annotations\2.7.1\error_prone_annotations-2.7.1.jar;C:\Users\gaojuntao\.m2\repository\com\google\j2objc\j2objc-annotations\1.3\j2objc-annotations-1.3.jar;C:\Users\gaojuntao\.m2\repository\org\seleniumhq\selenium\selenium-chromium-driver\4.1.2\selenium-chromium-driver-4.1.2.jar;C:\Users\gaojuntao\.m2\repository\org\seleniumhq\selenium\selenium-json\4.1.2\selenium-json-4.1.2.jar;C:\Users\gaojuntao\.m2\repository\org\seleniumhq\selenium\selenium-devtools-v85\4.1.2\selenium-devtools-v85-4.1.2.jar;C:\Users\gaojuntao\.m2\repository\org\seleniumhq\selenium\selenium-devtools-v95\4.1.2\selenium-devtools-v95-4.1.2.jar;C:\Users\gaojuntao\.m2\repository\org\seleniumhq\selenium\selenium-devtools-v96\4.1.2\selenium-devtools-v96-4.1.2.jar;C:\Users\gaojuntao\.m2\repository\org\seleniumhq\selenium\selenium-devtools-v97\4.1.2\selenium-devtools-v97-4.1.2.jar;C:\Users\gaojuntao\.m2\repository\org\seleniumhq\selenium\selenium-edge-driver\4.1.2\selenium-edge-driver-4.1.2.jar;C:\Users\gaojuntao\.m2\repository\org\seleniumhq\selenium\selenium-firefox-driver\4.1.2\selenium-firefox-driver-4.1.2.jar;C:\Users\gaojuntao\.m2\repository\org\seleniumhq\selenium\selenium-firefox-xpi-driver\4.1.2\selenium-firefox-xpi-driver-4.1.2.jar;C:\Users\gaojuntao\.m2\repository\org\seleniumhq\selenium\selenium-ie-driver\4.1.2\selenium-ie-driver-4.1.2.jar;C:\Users\gaojuntao\.m2\repository\org\seleniumhq\selenium\selenium-opera-driver\4.1.2\selenium-opera-driver-4.1.2.jar;C:\Users\gaojuntao\.m2\repository\org\seleniumhq\selenium\selenium-remote-driver\4.1.2\selenium-remote-driver-4.1.2.jar;C:\Users\gaojuntao\.m2\repository\io\netty\netty-buffer\4.1.73.Final\netty-buffer-4.1.73.Final.jar;C:\Users\gaojuntao\.m2\repository\io\netty\netty-codec-http\4.1.73.Final\netty-codec-http-4.1.73.Final.jar;C:\Users\gaojuntao\.m2\repository\io\netty\netty-codec\4.1.73.Final\netty-codec-4.1.73.Final.jar;C:\Users\gaojuntao\.m2\repository\io\netty\netty-handler\4.1.73.Final\netty-handler-4.1.73.Final.jar;C:\Users\gaojuntao\.m2\repository\io\netty\netty-tcnative-classes\2.0.46.Final\netty-tcnative-classes-2.0.46.Final.jar;C:\Users\gaojuntao\.m2\repository\io\netty\netty-common\4.1.73.Final\netty-common-4.1.73.Final.jar;C:\Users\gaojuntao\.m2\repository\io\netty\netty-transport-classes-epoll\4.1.73.Final\netty-transport-classes-epoll-4.1.73.Final.jar;C:\Users\gaojuntao\.m2\repository\io\netty\netty-transport-classes-kqueue\4.1.73.Final\netty-transport-classes-kqueue-4.1.73.Final.jar;C:\Users\gaojuntao\.m2\repository\io\netty\netty-transport-native-epoll\4.1.73.Final\netty-transport-native-epoll-4.1.73.Final.jar;C:\Users\gaojuntao\.m2\repository\io\netty\netty-transport-native-kqueue\4.1.73.Final\netty-transport-native-kqueue-4.1.73.Final.jar;C:\Users\gaojuntao\.m2\repository\io\netty\netty-transport-native-unix-common\4.1.73.Final\netty-transport-native-unix-common-4.1.73.Final.jar;C:\Users\gaojuntao\.m2\repository\io\netty\netty-transport\4.1.73.Final\netty-transport-4.1.73.Final.jar;C:\Users\gaojuntao\.m2\repository\io\netty\netty-resolver\4.1.73.Final\netty-resolver-4.1.73.Final.jar;C:\Users\gaojuntao\.m2\repository\io\opentelemetry\opentelemetry-api\1.10.1\opentelemetry-api-1.10.1.jar;C:\Users\gaojuntao\.m2\repository\io\opentelemetry\opentelemetry-context\1.10.1\opentelemetry-context-1.10.1.jar;C:\Users\gaojuntao\.m2\repository\io\opentelemetry\opentelemetry-exporter-logging\1.10.1\opentelemetry-exporter-logging-1.10.1.jar;C:\Users\gaojuntao\.m2\repository\io\opentelemetry\opentelemetry-sdk-metrics\1.10.1-alpha\opentelemetry-sdk-metrics-1.10.1-alpha.jar;C:\Users\gaojuntao\.m2\repository\io\opentelemetry\opentelemetry-sdk-logs\1.10.1-alpha\opentelemetry-sdk-logs-1.10.1-alpha.jar;C:\Users\gaojuntao\.m2\repository\io\opentelemetry\opentelemetry-sdk-common\1.10.1\opentelemetry-sdk-common-1.10.1.jar;C:\Users\gaojuntao\.m2\repository\io\opentelemetry\opentelemetry-sdk-extension-autoconfigure-spi\1.10.1\opentelemetry-sdk-extension-autoconfigure-spi-1.10.1.jar;C:\Users\gaojuntao\.m2\repository\io\opentelemetry\opentelemetry-sdk-extension-autoconfigure\1.10.1-alpha\opentelemetry-sdk-extension-autoconfigure-1.10.1-alpha.jar;C:\Users\gaojuntao\.m2\repository\io\opentelemetry\opentelemetry-sdk-trace\1.10.1\opentelemetry-sdk-trace-1.10.1.jar;C:\Users\gaojuntao\.m2\repository\io\opentelemetry\opentelemetry-sdk\1.10.1\opentelemetry-sdk-1.10.1.jar;C:\Users\gaojuntao\.m2\repository\io\opentelemetry\opentelemetry-semconv\1.10.1-alpha\opentelemetry-semconv-1.10.1-alpha.jar;C:\Users\gaojuntao\.m2\repository\io\ous\jtoml\2.0.0\jtoml-2.0.0.jar;C:\Users\gaojuntao\.m2\repository\net\bytebuddy\byte-buddy\1.12.7\byte-buddy-1.12.7.jar;C:\Users\gaojuntao\.m2\repository\org\apache\commons\commons-exec\1.3\commons-exec-1.3.jar;C:\Users\gaojuntao\.m2\repository\org\asynchttpclient\async-http-client\2.12.3\async-http-client-2.12.3.jar;C:\Users\gaojuntao\.m2\repository\org\asynchttpclient\async-http-client-netty-utils\2.12.3\async-http-client-netty-utils-2.12.3.jar;C:\Users\gaojuntao\.m2\repository\io\netty\netty-codec-socks\4.1.60.Final\netty-codec-socks-4.1.60.Final.jar;C:\Users\gaojuntao\.m2\repository\io\netty\netty-handler-proxy\4.1.60.Final\netty-handler-proxy-4.1.60.Final.jar;C:\Users\gaojuntao\.m2\repository\io\netty\netty-transport-native-epoll\4.1.60.Final\netty-transport-native-epoll-4.1.60.Final-linux-x86_64.jar;C:\Users\gaojuntao\.m2\repository\io\netty\netty-transport-native-kqueue\4.1.60.Final\netty-transport-native-kqueue-4.1.60.Final-osx-x86_64.jar;C:\Users\gaojuntao\.m2\repository\org\reactivestreams\reactive-streams\1.0.3\reactive-streams-1.0.3.jar;C:\Users\gaojuntao\.m2\repository\com\typesafe\netty\netty-reactive-streams\2.0.4\netty-reactive-streams-2.0.4.jar;C:\Users\gaojuntao\.m2\repository\com\sun\activation\jakarta.activation\1.2.2\jakarta.activation-1.2.2.jar;C:\Users\gaojuntao\.m2\repository\org\seleniumhq\selenium\selenium-http\4.1.2\selenium-http-4.1.2.jar;C:\Users\gaojuntao\.m2\repository\net\jodah\failsafe\2.4.4\failsafe-2.4.4.jar;C:\Users\gaojuntao\.m2\repository\org\seleniumhq\selenium\selenium-safari-driver\4.1.2\selenium-safari-driver-4.1.2.jar;C:\Users\gaojuntao\.m2\repository\org\seleniumhq\selenium\selenium-support\4.1.2\selenium-support-4.1.2.jar;C:\Users\gaojuntao\.m2\repository\org\testng\testng\6.4\testng-6.4.jar;C:\Users\gaojuntao\.m2\repository\junit\junit\3.8.1\junit-3.8.1.jar;C:\Users\gaojuntao\.m2\repository\org\beanshell\bsh\2.0b4\bsh-2.0b4.jar;C:\Users\gaojuntao\.m2\repository\com\beust\jcommander\1.12\jcommander-1.12.jar;C:\Users\gaojuntao\.m2\repository\org\yaml\snakeyaml\1.6\snakeyaml-1.6.jar;C:\Users\gaojuntao\.m2\repository\io\github\bonigarcia\webdrivermanager\4.4.1\webdrivermanager-4.4.1.jar;C:\Users\gaojuntao\.m2\repository\org\slf4j\slf4j-api\1.7.30\slf4j-api-1.7.30.jar;C:\Users\gaojuntao\.m2\repository\commons-io\commons-io\2.8.0\commons-io-2.8.0.jar;C:\Users\gaojuntao\.m2\repository\com\google\code\gson\gson\2.8.6\gson-2.8.6.jar;C:\Users\gaojuntao\.m2\repository\org\apache\commons\commons-lang3\3.12.0\commons-lang3-3.12.0.jar;C:\Users\gaojuntao\.m2\repository\org\apache\httpcomponents\client5\httpclient5\5.0.3\httpclient5-5.0.3.jar;C:\Users\gaojuntao\.m2\repository\org\apache\httpcomponents\core5\httpcore5\5.0.2\httpcore5-5.0.2.jar;C:\Users\gaojuntao\.m2\repository\org\apache\httpcomponents\core5\httpcore5-h2\5.0.2\httpcore5-h2-5.0.2.jar;C:\Users\gaojuntao\.m2\repository\commons-codec\commons-codec\1.13\commons-codec-1.13.jar;C:\Users\gaojuntao\.m2\repository\org\rauschig\jarchivelib\1.1.0\jarchivelib-1.1.0.jar;C:\Users\gaojuntao\.m2\repository\org\apache\commons\commons-compress\1.20\commons-compress-1.20.jar;C:\Users\gaojuntao\.m2\repository\org\jsoup\jsoup\1.13.1\jsoup-1.13.1.jar;C:\Users\gaojuntao\.m2\repository\ch\qos\logback\logback-classic\1.2.3\logback-classic-1.2.3.jar;C:\Users\gaojuntao\.m2\repository\ch\qos\logback\logback-core\1.2.3\logback-core-1.2.3.jar;"/>
    <property name="sun.cpu.endian" value="little"/>
    <property name="user.home" value="C:\Users\gaojuntao"/>
    <property name="user.language" value="zh"/>
    <property name="java.specification.vendor" value="Oracle Corporation"/>
    <property name="java.home" value="E:\Program Files\Java\jdk-1.8\jre"/>
    <property name="basedir" value="E:\Users\gaojuntao\eclipse-workspace\SeleniumBasicVerification"/>
    <property name="style.color" value="always"/>
    <property name="file.separator" value="\"/>
    <property name="line.separator" value="&#10;"/>
    <property name="java.vm.specification.vendor" value="Oracle Corporation"/>
    <property name="java.specification.name" value="Java Platform API Specification"/>
    <property name="java.awt.graphicsenv" value="sun.awt.Win32GraphicsEnvironment"/>
    <property name="surefire.real.class.path" value="C:\Users\gaojuntao\AppData\Local\Temp\surefire6442043171122451513\surefirebooter-20250923205259179_3.jar"/>
    <property name="sun.boot.class.path" value="E:\Program Files\Java\jdk-1.8\jre\lib\resources.jar;E:\Program Files\Java\jdk-1.8\jre\lib\rt.jar;E:\Program Files\Java\jdk-1.8\jre\lib\jsse.jar;E:\Program Files\Java\jdk-1.8\jre\lib\jce.jar;E:\Program Files\Java\jdk-1.8\jre\lib\charsets.jar;E:\Program Files\Java\jdk-1.8\jre\lib\jfr.jar;E:\Program Files\Java\jdk-1.8\jre\classes"/>
    <property name="user.script" value=""/>
    <property name="sun.management.compiler" value="HotSpot 64-Bit Tiered Compilers"/>
    <property name="java.runtime.version" value="1.8.0_461-b11"/>
    <property name="user.name" value="gaojuntao"/>
    <property name="path.separator" value=";"/>
    <property name="os.version" value="10.0"/>
    <property name="java.endorsed.dirs" value="E:\Program Files\Java\jdk-1.8\jre\lib\endorsed"/>
    <property name="java.runtime.name" value="Java(TM) SE Runtime Environment"/>
    <property name="file.encoding" value="GBK"/>
    <property name="java.vm.name" value="Java HotSpot(TM) 64-Bit Server VM"/>
    <property name="localRepository" value="C:\Users\gaojuntao\.m2\repository"/>
    <property name="java.vendor.url.bug" value="https://bugreport.sun.com/bugreport/"/>
    <property name="java.io.tmpdir" value="C:\Users\GAOJUN~1\AppData\Local\Temp\"/>
    <property name="java.version" value="1.8.0_461"/>
    <property name="user.dir" value="E:\Users\gaojuntao\eclipse-workspace\SeleniumBasicVerification"/>
    <property name="os.arch" value="amd64"/>
    <property name="java.vm.specification.name" value="Java Virtual Machine Specification"/>
    <property name="java.awt.printerjob" value="sun.awt.windows.WPrinterJob"/>
    <property name="sun.os.patch.level" value=""/>
    <property name="java.library.path" value="E:\Program Files\Java\jdk-1.8\jre\bin;C:\WINDOWS\Sun\Java\bin;C:\WINDOWS\system32;C:\WINDOWS;C:/Users/gaojuntao/.p2/pool/plugins/org.eclipse.justj.openjdk.hotspot.jre.full.win32.x86_64_21.0.8.v20250724-1412/jre/bin/server;C:/Users/gaojuntao/.p2/pool/plugins/org.eclipse.justj.openjdk.hotspot.jre.full.win32.x86_64_21.0.8.v20250724-1412/jre/bin;C:\Program Files (x86)\Common Files\Oracle\Java\java8path;C:\Program Files (x86)\Common Files\Oracle\Java\javapath;C:\WINDOWS\system32;C:\WINDOWS;C:\WINDOWS\System32\Wbem;C:\WINDOWS\System32\WindowsPowerShell\v1.0\;C:\WINDOWS\System32\OpenSSH\;E:\Program Files\PuTTY\;E:\Program Files\Java\jdk-1.8\bin;E:\Program Files\Java\jdk-1.8\jre\bin;E:\Program Files\apache-maven-3.9.11\bin;E:\Program Files\Git\cmd;E:\Program Files\chromedriver\chromedriver-win64;C:\Users\gaojuntao\AppData\Local\Microsoft\WindowsApps;;C:\Users\gaojuntao\Desktop;;."/>
    <property name="java.vm.info" value="mixed mode"/>
    <property name="java.vendor" value="Oracle Corporation"/>
    <property name="java.vm.version" value="25.461-b11"/>
    <property name="java.specification.maintenance.version" value="6"/>
    <property name="java.ext.dirs" value="E:\Program Files\Java\jdk-1.8\jre\lib\ext;C:\WINDOWS\Sun\Java\lib\ext"/>
    <property name="sun.io.unicode.encoding" value="UnicodeLittle"/>
    <property name="java.class.version" value="52.0"/>
  </properties>
  <testcase name="loginSuccess" classname="testCase.SeleniumTestCase" time="2.773">
    <system-out><![CDATA[20:53:00.426 [main] DEBUG io.netty.util.internal.logging.InternalLoggerFactory - Using SLF4J as the default logging framework
20:53:00.433 [main] DEBUG io.netty.util.ResourceLeakDetector - -Dio.netty.leakDetection.level: simple
20:53:00.433 [main] DEBUG io.netty.util.ResourceLeakDetector - -Dio.netty.leakDetection.targetRecords: 4
20:53:00.438 [main] DEBUG io.netty.util.ResourceLeakDetectorFactory - Loaded default ResourceLeakDetector: io.netty.util.ResourceLeakDetector@7e990ed7
20:53:00.457 [main] DEBUG io.netty.util.internal.PlatformDependent0 - -Dio.netty.noUnsafe: false
20:53:00.457 [main] DEBUG io.netty.util.internal.PlatformDependent0 - Java version: 8
20:53:00.458 [main] DEBUG io.netty.util.internal.PlatformDependent0 - sun.misc.Unsafe.theUnsafe: available
20:53:00.458 [main] DEBUG io.netty.util.internal.PlatformDependent0 - sun.misc.Unsafe.copyMemory: available
20:53:00.459 [main] DEBUG io.netty.util.internal.PlatformDependent0 - java.nio.Buffer.address: available
20:53:00.459 [main] DEBUG io.netty.util.internal.PlatformDependent0 - direct buffer constructor: available
20:53:00.460 [main] DEBUG io.netty.util.internal.PlatformDependent0 - java.nio.Bits.unaligned: available, true
20:53:00.460 [main] DEBUG io.netty.util.internal.PlatformDependent0 - jdk.internal.misc.Unsafe.allocateUninitializedArray(int): unavailable prior to Java9
20:53:00.460 [main] DEBUG io.netty.util.internal.PlatformDependent0 - java.nio.DirectByteBuffer.<init>(long, int): available
20:53:00.460 [main] DEBUG io.netty.util.internal.PlatformDependent - sun.misc.Unsafe: available
20:53:00.461 [main] DEBUG io.netty.util.internal.PlatformDependent - -Dio.netty.tmpdir: C:\Users\GAOJUN~1\AppData\Local\Temp (java.io.tmpdir)
20:53:00.461 [main] DEBUG io.netty.util.internal.PlatformDependent - -Dio.netty.bitMode: 64 (sun.arch.data.model)
20:53:00.461 [main] DEBUG io.netty.util.internal.PlatformDependent - Platform: Windows
20:53:00.462 [main] DEBUG io.netty.util.internal.PlatformDependent - -Dio.netty.maxDirectMemory: 1897922560 bytes
20:53:00.462 [main] DEBUG io.netty.util.internal.PlatformDependent - -Dio.netty.uninitializedArrayAllocationThreshold: -1
20:53:00.463 [main] DEBUG io.netty.util.internal.CleanerJava6 - java.nio.ByteBuffer.cleaner(): available
20:53:00.463 [main] DEBUG io.netty.util.internal.PlatformDependent - -Dio.netty.noPreferDirect: false
20:53:00.471 [main] DEBUG io.netty.util.internal.PlatformDependent - org.jctools-core.MpscChunkedArrayQueue: available
20:53:00.492 [main] DEBUG io.netty.util.internal.InternalThreadLocalMap - -Dio.netty.threadLocalMap.stringBuilder.initialSize: 1024
20:53:00.492 [main] DEBUG io.netty.util.internal.InternalThreadLocalMap - -Dio.netty.threadLocalMap.stringBuilder.maxSize: 4096
20:53:00.828 [main] DEBUG io.netty.handler.ssl.JdkSslContext - Default protocols (JDK): [TLSv1.3, TLSv1.2] 
20:53:00.828 [main] DEBUG io.netty.handler.ssl.JdkSslContext - Default cipher suites (JDK): [TLS_ECDHE_ECDSA_WITH_AES_256_GCM_SHA384, TLS_ECDHE_ECDSA_WITH_AES_128_GCM_SHA256, TLS_ECDHE_RSA_WITH_AES_128_GCM_SHA256, TLS_ECDHE_RSA_WITH_AES_256_GCM_SHA384, TLS_ECDHE_RSA_WITH_AES_128_CBC_SHA, TLS_ECDHE_RSA_WITH_AES_256_CBC_SHA, TLS_RSA_WITH_AES_128_GCM_SHA256, TLS_RSA_WITH_AES_128_CBC_SHA, TLS_RSA_WITH_AES_256_CBC_SHA, TLS_AES_128_GCM_SHA256, TLS_AES_256_GCM_SHA384]
20:53:00.861 [main] DEBUG io.netty.channel.MultithreadEventLoopGroup - -Dio.netty.eventLoopThreads: 16
20:53:00.869 [main] DEBUG io.netty.channel.nio.NioEventLoop - -Dio.netty.noKeySetOptimization: false
20:53:00.870 [main] DEBUG io.netty.channel.nio.NioEventLoop - -Dio.netty.selectorAutoRebuildThreshold: 512
20:53:00.913 [main] DEBUG io.netty.buffer.PooledByteBufAllocator - -Dio.netty.allocator.numHeapArenas: 16
20:53:00.913 [main] DEBUG io.netty.buffer.PooledByteBufAllocator - -Dio.netty.allocator.numDirectArenas: 16
20:53:00.913 [main] DEBUG io.netty.buffer.PooledByteBufAllocator - -Dio.netty.allocator.pageSize: 8192
20:53:00.913 [main] DEBUG io.netty.buffer.PooledByteBufAllocator - -Dio.netty.allocator.maxOrder: 11
20:53:00.913 [main] DEBUG io.netty.buffer.PooledByteBufAllocator - -Dio.netty.allocator.chunkSize: 16777216
20:53:00.913 [main] DEBUG io.netty.buffer.PooledByteBufAllocator - -Dio.netty.allocator.smallCacheSize: 256
20:53:00.913 [main] DEBUG io.netty.buffer.PooledByteBufAllocator - -Dio.netty.allocator.normalCacheSize: 64
20:53:00.913 [main] DEBUG io.netty.buffer.PooledByteBufAllocator - -Dio.netty.allocator.maxCachedBufferCapacity: 32768
20:53:00.914 [main] DEBUG io.netty.buffer.PooledByteBufAllocator - -Dio.netty.allocator.cacheTrimInterval: 8192
20:53:00.914 [main] DEBUG io.netty.buffer.PooledByteBufAllocator - -Dio.netty.allocator.cacheTrimIntervalMillis: 0
20:53:00.914 [main] DEBUG io.netty.buffer.PooledByteBufAllocator - -Dio.netty.allocator.useCacheForAllThreads: true
20:53:00.914 [main] DEBUG io.netty.buffer.PooledByteBufAllocator - -Dio.netty.allocator.maxCachedByteBuffersPerChunk: 1023
20:53:00.925 [main] DEBUG io.netty.buffer.ByteBufUtil - -Dio.netty.allocator.type: pooled
20:53:00.925 [main] DEBUG io.netty.buffer.ByteBufUtil - -Dio.netty.threadLocalDirectBufferSize: 0
20:53:00.925 [main] DEBUG io.netty.buffer.ByteBufUtil - -Dio.netty.maxThreadLocalCharBufferSize: 16384
20:53:01.760 [Forwarding newSession on session null to remote] DEBUG io.netty.channel.DefaultChannelId - -Dio.netty.processId: 14148 (auto-detected)
20:53:01.762 [Forwarding newSession on session null to remote] DEBUG io.netty.util.NetUtil - -Djava.net.preferIPv4Stack: false
20:53:01.762 [Forwarding newSession on session null to remote] DEBUG io.netty.util.NetUtil - -Djava.net.preferIPv6Addresses: false
20:53:01.833 [Forwarding newSession on session null to remote] DEBUG io.netty.util.NetUtilInitializations - Loopback interface: lo (Software Loopback Interface 1, 127.0.0.1)
20:53:01.834 [Forwarding newSession on session null to remote] DEBUG io.netty.util.NetUtil - Failed to get SOMAXCONN from sysctl and file \proc\sys\net\core\somaxconn. Default: 200
20:53:01.907 [Forwarding newSession on session null to remote] DEBUG io.netty.channel.DefaultChannelId - -Dio.netty.machineId: 10:bf:48:ff:fe:bc:d4:da (auto-detected)
20:53:01.958 [AsyncHttpClient-1-2] DEBUG io.netty.buffer.AbstractByteBuf - -Dio.netty.buffer.checkAccessible: true
20:53:01.958 [AsyncHttpClient-1-2] DEBUG io.netty.buffer.AbstractByteBuf - -Dio.netty.buffer.checkBounds: true
20:53:01.958 [AsyncHttpClient-1-2] DEBUG io.netty.util.ResourceLeakDetectorFactory - Loaded default ResourceLeakDetector: io.netty.util.ResourceLeakDetector@1b1d920c
20:53:01.971 [AsyncHttpClient-1-2] DEBUG org.asynchttpclient.netty.channel.NettyConnectListener - Using new Channel '[id: 0x492dffaf, L:/127.0.0.1:57528 - R:localhost/127.0.0.1:62279]' for 'POST' to '/session'
20:53:01.992 [AsyncHttpClient-1-2] DEBUG io.netty.util.Recycler - -Dio.netty.recycler.maxCapacityPerThread: 4096
20:53:01.992 [AsyncHttpClient-1-2] DEBUG io.netty.util.Recycler - -Dio.netty.recycler.ratio: 8
20:53:01.992 [AsyncHttpClient-1-2] DEBUG io.netty.util.Recycler - -Dio.netty.recycler.chunkSize: 32
20:53:01.992 [AsyncHttpClient-1-2] DEBUG io.netty.util.Recycler - -Dio.netty.recycler.blocking: false
20:53:02.994 [AsyncHttpClient-1-2] DEBUG io.netty.handler.codec.compression.Brotli - brotli4j not in the classpath; Brotli support will be unavailable.
20:53:02.994 [AsyncHttpClient-1-2] DEBUG org.asynchttpclient.netty.handler.HttpHandler - 

Request DefaultHttpRequest(decodeResult: success, version: HTTP/1.1)
POST /session HTTP/1.1
User-Agent: selenium/4.1.2 (java windows)
Content-Length: 519
Content-Type: application/json; charset=utf-8
host: localhost:62279
accept: */*

Response DefaultHttpResponse(decodeResult: success, version: HTTP/1.1)
HTTP/1.1 200 OK
Content-Type: application/json; charset=utf-8
cache-control: no-cache
content-length: 825

20:53:03.004 [AsyncHttpClient-1-2] DEBUG org.asynchttpclient.netty.channel.ChannelManager - Adding key: http://localhost:62279 for channel [id: 0x492dffaf, L:/127.0.0.1:57528 - R:localhost/127.0.0.1:62279]
20:53:03.131 [AsyncHttpClient-1-3] DEBUG org.asynchttpclient.netty.channel.NettyConnectListener - Using new Channel '[id: 0x0fa6ea54, L:/127.0.0.1:57549 - R:localhost/127.0.0.1:57531]' for 'GET' to '/json/version'
20:53:03.134 [AsyncHttpClient-1-3] DEBUG org.asynchttpclient.netty.handler.HttpHandler - 

Request DefaultFullHttpRequest(decodeResult: success, version: HTTP/1.1, content: EmptyByteBufBE)
GET /json/version HTTP/1.1
User-Agent: selenium/4.1.2 (java windows)
host: localhost:57531
accept: */*

Response DefaultHttpResponse(decodeResult: success, version: HTTP/1.1)
HTTP/1.1 200 OK
Content-Security-Policy: frame-ancestors 'none'
Content-Type: application/json; charset=UTF-8
content-length: 425

20:53:03.134 [AsyncHttpClient-1-3] DEBUG org.asynchttpclient.netty.channel.ChannelManager - Adding key: http://localhost:57531 for channel [id: 0x0fa6ea54, L:/127.0.0.1:57549 - R:localhost/127.0.0.1:57531]
20:53:03.149 [main] DEBUG io.netty.util.internal.ThreadLocalRandom - -Dio.netty.initialSeedUniquifier: 0x24cbfb8b3ca10fd4
20:53:03.154 [AsyncHttpClient-1-4] DEBUG org.asynchttpclient.netty.channel.NettyConnectListener - Using new Channel '[id: 0x8367939e, L:/127.0.0.1:57550 - R:localhost/127.0.0.1:57531]' for 'GET' to '/devtools/browser/c0bcd433-89c4-4f7e-9887-86f416668407'
20:53:03.160 [AsyncHttpClient-1-4] DEBUG org.asynchttpclient.netty.handler.WebSocketHandler - 

Request DefaultFullHttpRequest(decodeResult: success, version: HTTP/1.1, content: EmptyByteBufBE)
GET /devtools/browser/c0bcd433-89c4-4f7e-9887-86f416668407 HTTP/1.1
upgrade: websocket
connection: upgrade
sec-websocket-key: P/QT7xHm5/a/K5YEuI4JWw==
sec-websocket-version: 13
origin: http://localhost:57531
host: localhost:57531
accept: */*
user-agent: AHC/2.1

Response DefaultHttpResponse(decodeResult: success, version: HTTP/1.1)
HTTP/1.1 101 WebSocket Protocol Handshake
Upgrade: WebSocket
Connection: Upgrade
Sec-WebSocket-Accept: EPC83x3W0ADzeyKzpcvYkXaKsww=

20:53:03.282 [Forwarding get on session 0954f7aea7189d6d0a895cf009ad5be9 to remote] DEBUG org.asynchttpclient.netty.request.NettyRequestSender - Using pooled Channel '[id: 0x492dffaf, L:/127.0.0.1:57528 - R:localhost/127.0.0.1:62279]' for 'POST' to 'http://localhost:62279/session/0954f7aea7189d6d0a895cf009ad5be9/url'
20:53:03.282 [Forwarding get on session 0954f7aea7189d6d0a895cf009ad5be9 to remote] DEBUG org.asynchttpclient.netty.request.NettyRequestSender - Using open Channel [id: 0x492dffaf, L:/127.0.0.1:57528 - R:localhost/127.0.0.1:62279] for POST '/session/0954f7aea7189d6d0a895cf009ad5be9/url'
20:53:04.078 [AsyncHttpClient-1-1] DEBUG org.asynchttpclient.netty.channel.DefaultChannelPool - Entry count for : http://localhost:57531 : 1
20:53:04.651 [AsyncHttpClient-1-2] DEBUG org.asynchttpclient.netty.handler.HttpHandler - 

Request DefaultHttpRequest(decodeResult: success, version: HTTP/1.1)
POST /session/0954f7aea7189d6d0a895cf009ad5be9/url HTTP/1.1
User-Agent: selenium/4.1.2 (java windows)
Content-Length: 79
Content-Type: application/json; charset=utf-8
host: localhost:62279
accept: */*

Response DefaultHttpResponse(decodeResult: success, version: HTTP/1.1)
HTTP/1.1 200 OK
Content-Type: application/json; charset=utf-8
cache-control: no-cache
content-length: 14

20:53:04.652 [AsyncHttpClient-1-2] DEBUG org.asynchttpclient.netty.channel.ChannelManager - Adding key: http://localhost:62279 for channel [id: 0x492dffaf, L:/127.0.0.1:57528 - R:localhost/127.0.0.1:62279]
20:53:04.658 [Forwarding findElement on session 0954f7aea7189d6d0a895cf009ad5be9 to remote] DEBUG org.asynchttpclient.netty.request.NettyRequestSender - Using pooled Channel '[id: 0x492dffaf, L:/127.0.0.1:57528 - R:localhost/127.0.0.1:62279]' for 'POST' to 'http://localhost:62279/session/0954f7aea7189d6d0a895cf009ad5be9/element'
20:53:04.658 [Forwarding findElement on session 0954f7aea7189d6d0a895cf009ad5be9 to remote] DEBUG org.asynchttpclient.netty.request.NettyRequestSender - Using open Channel [id: 0x492dffaf, L:/127.0.0.1:57528 - R:localhost/127.0.0.1:62279] for POST '/session/0954f7aea7189d6d0a895cf009ad5be9/element'
20:53:04.671 [AsyncHttpClient-1-2] DEBUG org.asynchttpclient.netty.handler.HttpHandler - 

Request DefaultHttpRequest(decodeResult: success, version: HTTP/1.1)
POST /session/0954f7aea7189d6d0a895cf009ad5be9/element HTTP/1.1
User-Agent: selenium/4.1.2 (java windows)
Content-Length: 86
Content-Type: application/json; charset=utf-8
host: localhost:62279
accept: */*

Response DefaultHttpResponse(decodeResult: success, version: HTTP/1.1)
HTTP/1.1 200 OK
Content-Type: application/json; charset=utf-8
cache-control: no-cache
content-length: 125

20:53:04.672 [AsyncHttpClient-1-2] DEBUG org.asynchttpclient.netty.channel.ChannelManager - Adding key: http://localhost:62279 for channel [id: 0x492dffaf, L:/127.0.0.1:57528 - R:localhost/127.0.0.1:62279]
20:53:04.676 [Forwarding clickElement on session 0954f7aea7189d6d0a895cf009ad5be9 to remote] DEBUG org.asynchttpclient.netty.request.NettyRequestSender - Using pooled Channel '[id: 0x492dffaf, L:/127.0.0.1:57528 - R:localhost/127.0.0.1:62279]' for 'POST' to 'http://localhost:62279/session/0954f7aea7189d6d0a895cf009ad5be9/element/f.293EC377388384B2FA32A6F990B01C91.d.28242D979AC42F51FDD3DD7138366206.e.8/click'
20:53:04.676 [Forwarding clickElement on session 0954f7aea7189d6d0a895cf009ad5be9 to remote] DEBUG org.asynchttpclient.netty.request.NettyRequestSender - Using open Channel [id: 0x492dffaf, L:/127.0.0.1:57528 - R:localhost/127.0.0.1:62279] for POST '/session/0954f7aea7189d6d0a895cf009ad5be9/element/f.293EC377388384B2FA32A6F990B01C91.d.28242D979AC42F51FDD3DD7138366206.e.8/click'
20:53:05.178 [AsyncHttpClient-1-1] DEBUG org.asynchttpclient.netty.channel.DefaultChannelPool - Entry count for : http://localhost:57531 : 1
20:53:05.205 [AsyncHttpClient-1-2] DEBUG org.asynchttpclient.netty.handler.HttpHandler - 

Request DefaultHttpRequest(decodeResult: success, version: HTTP/1.1)
POST /session/0954f7aea7189d6d0a895cf009ad5be9/element/f.293EC377388384B2FA32A6F990B01C91.d.28242D979AC42F51FDD3DD7138366206.e.8/click HTTP/1.1
User-Agent: selenium/4.1.2 (java windows)
Content-Length: 87
Content-Type: application/json; charset=utf-8
host: localhost:62279
accept: */*

Response DefaultHttpResponse(decodeResult: success, version: HTTP/1.1)
HTTP/1.1 200 OK
Content-Type: application/json; charset=utf-8
cache-control: no-cache
content-length: 14

20:53:05.206 [AsyncHttpClient-1-2] DEBUG org.asynchttpclient.netty.channel.ChannelManager - Adding key: http://localhost:62279 for channel [id: 0x492dffaf, L:/127.0.0.1:57528 - R:localhost/127.0.0.1:62279]
20:53:05.213 [Forwarding findElement on session 0954f7aea7189d6d0a895cf009ad5be9 to remote] DEBUG org.asynchttpclient.netty.request.NettyRequestSender - Using pooled Channel '[id: 0x492dffaf, L:/127.0.0.1:57528 - R:localhost/127.0.0.1:62279]' for 'POST' to 'http://localhost:62279/session/0954f7aea7189d6d0a895cf009ad5be9/element'
20:53:05.213 [Forwarding findElement on session 0954f7aea7189d6d0a895cf009ad5be9 to remote] DEBUG org.asynchttpclient.netty.request.NettyRequestSender - Using open Channel [id: 0x492dffaf, L:/127.0.0.1:57528 - R:localhost/127.0.0.1:62279] for POST '/session/0954f7aea7189d6d0a895cf009ad5be9/element'
20:53:05.234 [AsyncHttpClient-1-2] DEBUG org.asynchttpclient.netty.handler.HttpHandler - 

Request DefaultHttpRequest(decodeResult: success, version: HTTP/1.1)
POST /session/0954f7aea7189d6d0a895cf009ad5be9/element HTTP/1.1
User-Agent: selenium/4.1.2 (java windows)
Content-Length: 53
Content-Type: application/json; charset=utf-8
host: localhost:62279
accept: */*

Response DefaultHttpResponse(decodeResult: success, version: HTTP/1.1)
HTTP/1.1 200 OK
Content-Type: application/json; charset=utf-8
cache-control: no-cache
content-length: 126

20:53:05.235 [AsyncHttpClient-1-2] DEBUG org.asynchttpclient.netty.channel.ChannelManager - Adding key: http://localhost:62279 for channel [id: 0x492dffaf, L:/127.0.0.1:57528 - R:localhost/127.0.0.1:62279]
20:53:05.240 [Forwarding sendKeysToElement on session 0954f7aea7189d6d0a895cf009ad5be9 to remote] DEBUG org.asynchttpclient.netty.request.NettyRequestSender - Using pooled Channel '[id: 0x492dffaf, L:/127.0.0.1:57528 - R:localhost/127.0.0.1:62279]' for 'POST' to 'http://localhost:62279/session/0954f7aea7189d6d0a895cf009ad5be9/element/f.293EC377388384B2FA32A6F990B01C91.d.5DBD6C08B3F8555E530606053FF89E4A.e.10/value'
20:53:05.241 [Forwarding sendKeysToElement on session 0954f7aea7189d6d0a895cf009ad5be9 to remote] DEBUG org.asynchttpclient.netty.request.NettyRequestSender - Using open Channel [id: 0x492dffaf, L:/127.0.0.1:57528 - R:localhost/127.0.0.1:62279] for POST '/session/0954f7aea7189d6d0a895cf009ad5be9/element/f.293EC377388384B2FA32A6F990B01C91.d.5DBD6C08B3F8555E530606053FF89E4A.e.10/value'
20:53:05.298 [AsyncHttpClient-1-2] DEBUG org.asynchttpclient.netty.handler.HttpHandler - 

Request DefaultHttpRequest(decodeResult: success, version: HTTP/1.1)
POST /session/0954f7aea7189d6d0a895cf009ad5be9/element/f.293EC377388384B2FA32A6F990B01C91.d.5DBD6C08B3F8555E530606053FF89E4A.e.10/value HTTP/1.1
User-Agent: selenium/4.1.2 (java windows)
Content-Length: 189
Content-Type: application/json; charset=utf-8
host: localhost:62279
accept: */*

Response DefaultHttpResponse(decodeResult: success, version: HTTP/1.1)
HTTP/1.1 200 OK
Content-Type: application/json; charset=utf-8
cache-control: no-cache
content-length: 14

20:53:05.299 [AsyncHttpClient-1-2] DEBUG org.asynchttpclient.netty.channel.ChannelManager - Adding key: http://localhost:62279 for channel [id: 0x492dffaf, L:/127.0.0.1:57528 - R:localhost/127.0.0.1:62279]
20:53:05.301 [Forwarding findElement on session 0954f7aea7189d6d0a895cf009ad5be9 to remote] DEBUG org.asynchttpclient.netty.request.NettyRequestSender - Using pooled Channel '[id: 0x492dffaf, L:/127.0.0.1:57528 - R:localhost/127.0.0.1:62279]' for 'POST' to 'http://localhost:62279/session/0954f7aea7189d6d0a895cf009ad5be9/element'
20:53:05.301 [Forwarding findElement on session 0954f7aea7189d6d0a895cf009ad5be9 to remote] DEBUG org.asynchttpclient.netty.request.NettyRequestSender - Using open Channel [id: 0x492dffaf, L:/127.0.0.1:57528 - R:localhost/127.0.0.1:62279] for POST '/session/0954f7aea7189d6d0a895cf009ad5be9/element'
20:53:05.313 [AsyncHttpClient-1-2] DEBUG org.asynchttpclient.netty.handler.HttpHandler - 

Request DefaultHttpRequest(decodeResult: success, version: HTTP/1.1)
POST /session/0954f7aea7189d6d0a895cf009ad5be9/element HTTP/1.1
User-Agent: selenium/4.1.2 (java windows)
Content-Length: 53
Content-Type: application/json; charset=utf-8
host: localhost:62279
accept: */*

Response DefaultHttpResponse(decodeResult: success, version: HTTP/1.1)
HTTP/1.1 200 OK
Content-Type: application/json; charset=utf-8
cache-control: no-cache
content-length: 126

20:53:05.313 [AsyncHttpClient-1-2] DEBUG org.asynchttpclient.netty.channel.ChannelManager - Adding key: http://localhost:62279 for channel [id: 0x492dffaf, L:/127.0.0.1:57528 - R:localhost/127.0.0.1:62279]
20:53:05.316 [Forwarding sendKeysToElement on session 0954f7aea7189d6d0a895cf009ad5be9 to remote] DEBUG org.asynchttpclient.netty.request.NettyRequestSender - Using pooled Channel '[id: 0x492dffaf, L:/127.0.0.1:57528 - R:localhost/127.0.0.1:62279]' for 'POST' to 'http://localhost:62279/session/0954f7aea7189d6d0a895cf009ad5be9/element/f.293EC377388384B2FA32A6F990B01C91.d.5DBD6C08B3F8555E530606053FF89E4A.e.11/value'
20:53:05.316 [Forwarding sendKeysToElement on session 0954f7aea7189d6d0a895cf009ad5be9 to remote] DEBUG org.asynchttpclient.netty.request.NettyRequestSender - Using open Channel [id: 0x492dffaf, L:/127.0.0.1:57528 - R:localhost/127.0.0.1:62279] for POST '/session/0954f7aea7189d6d0a895cf009ad5be9/element/f.293EC377388384B2FA32A6F990B01C91.d.5DBD6C08B3F8555E530606053FF89E4A.e.11/value'
20:53:05.363 [AsyncHttpClient-1-2] DEBUG org.asynchttpclient.netty.handler.HttpHandler - 

Request DefaultHttpRequest(decodeResult: success, version: HTTP/1.1)
POST /session/0954f7aea7189d6d0a895cf009ad5be9/element/f.293EC377388384B2FA32A6F990B01C91.d.5DBD6C08B3F8555E530606053FF89E4A.e.11/value HTTP/1.1
User-Agent: selenium/4.1.2 (java windows)
Content-Length: 229
Content-Type: application/json; charset=utf-8
host: localhost:62279
accept: */*

Response DefaultHttpResponse(decodeResult: success, version: HTTP/1.1)
HTTP/1.1 200 OK
Content-Type: application/json; charset=utf-8
cache-control: no-cache
content-length: 14

20:53:05.363 [AsyncHttpClient-1-2] DEBUG org.asynchttpclient.netty.channel.ChannelManager - Adding key: http://localhost:62279 for channel [id: 0x492dffaf, L:/127.0.0.1:57528 - R:localhost/127.0.0.1:62279]
20:53:05.365 [Forwarding findElement on session 0954f7aea7189d6d0a895cf009ad5be9 to remote] DEBUG org.asynchttpclient.netty.request.NettyRequestSender - Using pooled Channel '[id: 0x492dffaf, L:/127.0.0.1:57528 - R:localhost/127.0.0.1:62279]' for 'POST' to 'http://localhost:62279/session/0954f7aea7189d6d0a895cf009ad5be9/element'
20:53:05.365 [Forwarding findElement on session 0954f7aea7189d6d0a895cf009ad5be9 to remote] DEBUG org.asynchttpclient.netty.request.NettyRequestSender - Using open Channel [id: 0x492dffaf, L:/127.0.0.1:57528 - R:localhost/127.0.0.1:62279] for POST '/session/0954f7aea7189d6d0a895cf009ad5be9/element'
20:53:05.376 [AsyncHttpClient-1-2] DEBUG org.asynchttpclient.netty.handler.HttpHandler - 

Request DefaultHttpRequest(decodeResult: success, version: HTTP/1.1)
POST /session/0954f7aea7189d6d0a895cf009ad5be9/element HTTP/1.1
User-Agent: selenium/4.1.2 (java windows)
Content-Length: 51
Content-Type: application/json; charset=utf-8
host: localhost:62279
accept: */*

Response DefaultHttpResponse(decodeResult: success, version: HTTP/1.1)
HTTP/1.1 200 OK
Content-Type: application/json; charset=utf-8
cache-control: no-cache
content-length: 126

20:53:05.377 [AsyncHttpClient-1-2] DEBUG org.asynchttpclient.netty.channel.ChannelManager - Adding key: http://localhost:62279 for channel [id: 0x492dffaf, L:/127.0.0.1:57528 - R:localhost/127.0.0.1:62279]
20:53:05.378 [Forwarding clickElement on session 0954f7aea7189d6d0a895cf009ad5be9 to remote] DEBUG org.asynchttpclient.netty.request.NettyRequestSender - Using pooled Channel '[id: 0x492dffaf, L:/127.0.0.1:57528 - R:localhost/127.0.0.1:62279]' for 'POST' to 'http://localhost:62279/session/0954f7aea7189d6d0a895cf009ad5be9/element/f.293EC377388384B2FA32A6F990B01C91.d.5DBD6C08B3F8555E530606053FF89E4A.e.17/click'
20:53:05.378 [Forwarding clickElement on session 0954f7aea7189d6d0a895cf009ad5be9 to remote] DEBUG org.asynchttpclient.netty.request.NettyRequestSender - Using open Channel [id: 0x492dffaf, L:/127.0.0.1:57528 - R:localhost/127.0.0.1:62279] for POST '/session/0954f7aea7189d6d0a895cf009ad5be9/element/f.293EC377388384B2FA32A6F990B01C91.d.5DBD6C08B3F8555E530606053FF89E4A.e.17/click'
20:53:06.277 [AsyncHttpClient-1-1] DEBUG org.asynchttpclient.netty.channel.DefaultChannelPool - Entry count for : http://localhost:57531 : 1
20:53:07.301 [AsyncHttpClient-1-2] DEBUG org.asynchttpclient.netty.handler.HttpHandler - 

Request DefaultHttpRequest(decodeResult: success, version: HTTP/1.1)
POST /session/0954f7aea7189d6d0a895cf009ad5be9/element/f.293EC377388384B2FA32A6F990B01C91.d.5DBD6C08B3F8555E530606053FF89E4A.e.17/click HTTP/1.1
User-Agent: selenium/4.1.2 (java windows)
Content-Length: 88
Content-Type: application/json; charset=utf-8
host: localhost:62279
accept: */*

Response DefaultHttpResponse(decodeResult: success, version: HTTP/1.1)
HTTP/1.1 200 OK
Content-Type: application/json; charset=utf-8
cache-control: no-cache
content-length: 14

20:53:07.301 [AsyncHttpClient-1-2] DEBUG org.asynchttpclient.netty.channel.ChannelManager - Adding key: http://localhost:62279 for channel [id: 0x492dffaf, L:/127.0.0.1:57528 - R:localhost/127.0.0.1:62279]
20:53:07.304 [Forwarding getCurrentUrl on session 0954f7aea7189d6d0a895cf009ad5be9 to remote] DEBUG org.asynchttpclient.netty.request.NettyRequestSender - Using pooled Channel '[id: 0x492dffaf, L:/127.0.0.1:57528 - R:localhost/127.0.0.1:62279]' for 'GET' to 'http://localhost:62279/session/0954f7aea7189d6d0a895cf009ad5be9/url'
20:53:07.304 [Forwarding getCurrentUrl on session 0954f7aea7189d6d0a895cf009ad5be9 to remote] DEBUG org.asynchttpclient.netty.request.NettyRequestSender - Using open Channel [id: 0x492dffaf, L:/127.0.0.1:57528 - R:localhost/127.0.0.1:62279] for GET '/session/0954f7aea7189d6d0a895cf009ad5be9/url'
20:53:07.317 [AsyncHttpClient-1-2] DEBUG org.asynchttpclient.netty.handler.HttpHandler - 

Request DefaultFullHttpRequest(decodeResult: success, version: HTTP/1.1, content: EmptyByteBufBE)
GET /session/0954f7aea7189d6d0a895cf009ad5be9/url HTTP/1.1
User-Agent: selenium/4.1.2 (java windows)
Cache-Control: no-cache
Content-Type: application/json; charset=utf-8
host: localhost:62279
accept: */*

Response DefaultHttpResponse(decodeResult: success, version: HTTP/1.1)
HTTP/1.1 200 OK
Content-Type: application/json; charset=utf-8
cache-control: no-cache
content-length: 70

20:53:07.317 [AsyncHttpClient-1-2] DEBUG org.asynchttpclient.netty.channel.ChannelManager - Adding key: http://localhost:62279 for channel [id: 0x492dffaf, L:/127.0.0.1:57528 - R:localhost/127.0.0.1:62279]
20:53:07.334 [Forwarding findElement on session 0954f7aea7189d6d0a895cf009ad5be9 to remote] DEBUG org.asynchttpclient.netty.request.NettyRequestSender - Using pooled Channel '[id: 0x492dffaf, L:/127.0.0.1:57528 - R:localhost/127.0.0.1:62279]' for 'POST' to 'http://localhost:62279/session/0954f7aea7189d6d0a895cf009ad5be9/element'
20:53:07.334 [Forwarding findElement on session 0954f7aea7189d6d0a895cf009ad5be9 to remote] DEBUG org.asynchttpclient.netty.request.NettyRequestSender - Using open Channel [id: 0x492dffaf, L:/127.0.0.1:57528 - R:localhost/127.0.0.1:62279] for POST '/session/0954f7aea7189d6d0a895cf009ad5be9/element'
20:53:07.349 [AsyncHttpClient-1-2] DEBUG org.asynchttpclient.netty.handler.HttpHandler - 

Request DefaultHttpRequest(decodeResult: success, version: HTTP/1.1)
POST /session/0954f7aea7189d6d0a895cf009ad5be9/element HTTP/1.1
User-Agent: selenium/4.1.2 (java windows)
Content-Length: 94
Content-Type: application/json; charset=utf-8
host: localhost:62279
accept: */*

Response DefaultHttpResponse(decodeResult: success, version: HTTP/1.1)
HTTP/1.1 200 OK
Content-Type: application/json; charset=utf-8
cache-control: no-cache
content-length: 126

20:53:07.349 [AsyncHttpClient-1-2] DEBUG org.asynchttpclient.netty.channel.ChannelManager - Adding key: http://localhost:62279 for channel [id: 0x492dffaf, L:/127.0.0.1:57528 - R:localhost/127.0.0.1:62279]
20:53:07.351 [Forwarding getElementText on session 0954f7aea7189d6d0a895cf009ad5be9 to remote] DEBUG org.asynchttpclient.netty.request.NettyRequestSender - Using pooled Channel '[id: 0x492dffaf, L:/127.0.0.1:57528 - R:localhost/127.0.0.1:62279]' for 'GET' to 'http://localhost:62279/session/0954f7aea7189d6d0a895cf009ad5be9/element/f.293EC377388384B2FA32A6F990B01C91.d.785B66CF4A69B43B2B817FFA15328BCA.e.32/text'
20:53:07.351 [Forwarding getElementText on session 0954f7aea7189d6d0a895cf009ad5be9 to remote] DEBUG org.asynchttpclient.netty.request.NettyRequestSender - Using open Channel [id: 0x492dffaf, L:/127.0.0.1:57528 - R:localhost/127.0.0.1:62279] for GET '/session/0954f7aea7189d6d0a895cf009ad5be9/element/f.293EC377388384B2FA32A6F990B01C91.d.785B66CF4A69B43B2B817FFA15328BCA.e.32/text'
20:53:07.369 [AsyncHttpClient-1-2] DEBUG org.asynchttpclient.netty.handler.HttpHandler - 

Request DefaultFullHttpRequest(decodeResult: success, version: HTTP/1.1, content: EmptyByteBufBE)
GET /session/0954f7aea7189d6d0a895cf009ad5be9/element/f.293EC377388384B2FA32A6F990B01C91.d.785B66CF4A69B43B2B817FFA15328BCA.e.32/text HTTP/1.1
User-Agent: selenium/4.1.2 (java windows)
Cache-Control: no-cache
Content-Type: application/json; charset=utf-8
host: localhost:62279
accept: */*

Response DefaultHttpResponse(decodeResult: success, version: HTTP/1.1)
HTTP/1.1 200 OK
Content-Type: application/json; charset=utf-8
cache-control: no-cache
content-length: 64

20:53:07.369 [AsyncHttpClient-1-2] DEBUG org.asynchttpclient.netty.channel.ChannelManager - Adding key: http://localhost:62279 for channel [id: 0x492dffaf, L:/127.0.0.1:57528 - R:localhost/127.0.0.1:62279]
20:53:07.371 [Forwarding findElement on session 0954f7aea7189d6d0a895cf009ad5be9 to remote] DEBUG org.asynchttpclient.netty.request.NettyRequestSender - Using pooled Channel '[id: 0x492dffaf, L:/127.0.0.1:57528 - R:localhost/127.0.0.1:62279]' for 'POST' to 'http://localhost:62279/session/0954f7aea7189d6d0a895cf009ad5be9/element'
20:53:07.371 [Forwarding findElement on session 0954f7aea7189d6d0a895cf009ad5be9 to remote] DEBUG org.asynchttpclient.netty.request.NettyRequestSender - Using open Channel [id: 0x492dffaf, L:/127.0.0.1:57528 - R:localhost/127.0.0.1:62279] for POST '/session/0954f7aea7189d6d0a895cf009ad5be9/element'
20:53:07.378 [AsyncHttpClient-1-1] DEBUG org.asynchttpclient.netty.channel.DefaultChannelPool - Entry count for : http://localhost:57531 : 1
20:53:07.385 [AsyncHttpClient-1-2] DEBUG org.asynchttpclient.netty.handler.HttpHandler - 

Request DefaultHttpRequest(decodeResult: success, version: HTTP/1.1)
POST /session/0954f7aea7189d6d0a895cf009ad5be9/element HTTP/1.1
User-Agent: selenium/4.1.2 (java windows)
Content-Length: 78
Content-Type: application/json; charset=utf-8
host: localhost:62279
accept: */*

Response DefaultHttpResponse(decodeResult: success, version: HTTP/1.1)
HTTP/1.1 200 OK
Content-Type: application/json; charset=utf-8
cache-control: no-cache
content-length: 126

20:53:07.385 [AsyncHttpClient-1-2] DEBUG org.asynchttpclient.netty.channel.ChannelManager - Adding key: http://localhost:62279 for channel [id: 0x492dffaf, L:/127.0.0.1:57528 - R:localhost/127.0.0.1:62279]
20:53:07.387 [Forwarding getElementValueOfCssProperty on session 0954f7aea7189d6d0a895cf009ad5be9 to remote] DEBUG org.asynchttpclient.netty.request.NettyRequestSender - Using pooled Channel '[id: 0x492dffaf, L:/127.0.0.1:57528 - R:localhost/127.0.0.1:62279]' for 'GET' to 'http://localhost:62279/session/0954f7aea7189d6d0a895cf009ad5be9/element/f.293EC377388384B2FA32A6F990B01C91.d.785B66CF4A69B43B2B817FFA15328BCA.e.33/css/display'
20:53:07.387 [Forwarding getElementValueOfCssProperty on session 0954f7aea7189d6d0a895cf009ad5be9 to remote] DEBUG org.asynchttpclient.netty.request.NettyRequestSender - Using open Channel [id: 0x492dffaf, L:/127.0.0.1:57528 - R:localhost/127.0.0.1:62279] for GET '/session/0954f7aea7189d6d0a895cf009ad5be9/element/f.293EC377388384B2FA32A6F990B01C91.d.785B66CF4A69B43B2B817FFA15328BCA.e.33/css/display'
20:53:07.399 [AsyncHttpClient-1-2] DEBUG org.asynchttpclient.netty.handler.HttpHandler - 

Request DefaultFullHttpRequest(decodeResult: success, version: HTTP/1.1, content: EmptyByteBufBE)
GET /session/0954f7aea7189d6d0a895cf009ad5be9/element/f.293EC377388384B2FA32A6F990B01C91.d.785B66CF4A69B43B2B817FFA15328BCA.e.33/css/display HTTP/1.1
User-Agent: selenium/4.1.2 (java windows)
Cache-Control: no-cache
Content-Type: application/json; charset=utf-8
host: localhost:62279
accept: */*

Response DefaultHttpResponse(decodeResult: success, version: HTTP/1.1)
HTTP/1.1 200 OK
Content-Type: application/json; charset=utf-8
cache-control: no-cache
content-length: 24

20:53:07.399 [AsyncHttpClient-1-2] DEBUG org.asynchttpclient.netty.channel.ChannelManager - Adding key: http://localhost:62279 for channel [id: 0x492dffaf, L:/127.0.0.1:57528 - R:localhost/127.0.0.1:62279]
inline-block20:53:07.401 [Forwarding findElement on session 0954f7aea7189d6d0a895cf009ad5be9 to remote] DEBUG org.asynchttpclient.netty.request.NettyRequestSender - Using pooled Channel '[id: 0x492dffaf, L:/127.0.0.1:57528 - R:localhost/127.0.0.1:62279]' for 'POST' to 'http://localhost:62279/session/0954f7aea7189d6d0a895cf009ad5be9/element'
20:53:07.401 [Forwarding findElement on session 0954f7aea7189d6d0a895cf009ad5be9 to remote] DEBUG org.asynchttpclient.netty.request.NettyRequestSender - Using open Channel [id: 0x492dffaf, L:/127.0.0.1:57528 - R:localhost/127.0.0.1:62279] for POST '/session/0954f7aea7189d6d0a895cf009ad5be9/element'
20:53:07.412 [AsyncHttpClient-1-2] DEBUG org.asynchttpclient.netty.handler.HttpHandler - 

Request DefaultHttpRequest(decodeResult: success, version: HTTP/1.1)
POST /session/0954f7aea7189d6d0a895cf009ad5be9/element HTTP/1.1
User-Agent: selenium/4.1.2 (java windows)
Content-Length: 78
Content-Type: application/json; charset=utf-8
host: localhost:62279
accept: */*

Response DefaultHttpResponse(decodeResult: success, version: HTTP/1.1)
HTTP/1.1 200 OK
Content-Type: application/json; charset=utf-8
cache-control: no-cache
content-length: 126

20:53:07.412 [AsyncHttpClient-1-2] DEBUG org.asynchttpclient.netty.channel.ChannelManager - Adding key: http://localhost:62279 for channel [id: 0x492dffaf, L:/127.0.0.1:57528 - R:localhost/127.0.0.1:62279]
20:53:07.414 [Forwarding getElementValueOfCssProperty on session 0954f7aea7189d6d0a895cf009ad5be9 to remote] DEBUG org.asynchttpclient.netty.request.NettyRequestSender - Using pooled Channel '[id: 0x492dffaf, L:/127.0.0.1:57528 - R:localhost/127.0.0.1:62279]' for 'GET' to 'http://localhost:62279/session/0954f7aea7189d6d0a895cf009ad5be9/element/f.293EC377388384B2FA32A6F990B01C91.d.785B66CF4A69B43B2B817FFA15328BCA.e.33/css/display'
20:53:07.414 [Forwarding getElementValueOfCssProperty on session 0954f7aea7189d6d0a895cf009ad5be9 to remote] DEBUG org.asynchttpclient.netty.request.NettyRequestSender - Using open Channel [id: 0x492dffaf, L:/127.0.0.1:57528 - R:localhost/127.0.0.1:62279] for GET '/session/0954f7aea7189d6d0a895cf009ad5be9/element/f.293EC377388384B2FA32A6F990B01C91.d.785B66CF4A69B43B2B817FFA15328BCA.e.33/css/display'
20:53:07.422 [AsyncHttpClient-1-2] DEBUG org.asynchttpclient.netty.handler.HttpHandler - 

Request DefaultFullHttpRequest(decodeResult: success, version: HTTP/1.1, content: EmptyByteBufBE)
GET /session/0954f7aea7189d6d0a895cf009ad5be9/element/f.293EC377388384B2FA32A6F990B01C91.d.785B66CF4A69B43B2B817FFA15328BCA.e.33/css/display HTTP/1.1
User-Agent: selenium/4.1.2 (java windows)
Cache-Control: no-cache
Content-Type: application/json; charset=utf-8
host: localhost:62279
accept: */*

Response DefaultHttpResponse(decodeResult: success, version: HTTP/1.1)
HTTP/1.1 200 OK
Content-Type: application/json; charset=utf-8
cache-control: no-cache
content-length: 24

20:53:07.423 [AsyncHttpClient-1-2] DEBUG org.asynchttpclient.netty.channel.ChannelManager - Adding key: http://localhost:62279 for channel [id: 0x492dffaf, L:/127.0.0.1:57528 - R:localhost/127.0.0.1:62279]
]]></system-out>
    <system-err><![CDATA[Starting ChromeDriver 140.0.7339.0 (6f88d301153935f5ea3ad43fbbb4096ddfe25685-refs/branch-heads/7339@{#1}) on port 62279
Only local connections are allowed.
Please see https://chromedriver.chromium.org/security-considerations for suggestions on keeping ChromeDriver safe.
ChromeDriver was started successfully on port 62279.
九月 23, 2025 8:53:03 下午 org.openqa.selenium.remote.ProtocolHandshake createSession
信息: Detected dialect: W3C
九月 23, 2025 8:53:03 下午 org.openqa.selenium.devtools.CdpVersionFinder findNearestMatch
警告: Unable to find an exact match for CDP version 140, so returning the closest version found: a no-op implementation
九月 23, 2025 8:53:03 下午 org.openqa.selenium.devtools.CdpVersionFinder findNearestMatch
信息: Unable to find CDP implementation matching 140.
九月 23, 2025 8:53:03 下午 org.openqa.selenium.chromium.ChromiumDriver lambda$new$3
警告: Unable to find version of CDP to use for . You may need to include a dependency on a specific version of the CDP using something similar to `org.seleniumhq.selenium:selenium-devtools-v86:4.1.2` where the version ("v86") matches the version of the chromium-based browser you're using and the version number of the artifact is the same as Selenium's.
]]></system-err>
  </testcase>
  <testcase name="negativeUsername" classname="testCase.SeleniumTestCase" time="12.721">
    <system-out><![CDATA[20:53:07.427 [Forwarding get on session 0954f7aea7189d6d0a895cf009ad5be9 to remote] DEBUG org.asynchttpclient.netty.request.NettyRequestSender - Using pooled Channel '[id: 0x492dffaf, L:/127.0.0.1:57528 - R:localhost/127.0.0.1:62279]' for 'POST' to 'http://localhost:62279/session/0954f7aea7189d6d0a895cf009ad5be9/url'
20:53:07.427 [Forwarding get on session 0954f7aea7189d6d0a895cf009ad5be9 to remote] DEBUG org.asynchttpclient.netty.request.NettyRequestSender - Using open Channel [id: 0x492dffaf, L:/127.0.0.1:57528 - R:localhost/127.0.0.1:62279] for POST '/session/0954f7aea7189d6d0a895cf009ad5be9/url'
20:53:08.477 [AsyncHttpClient-1-1] DEBUG org.asynchttpclient.netty.channel.DefaultChannelPool - Entry count for : http://localhost:57531 : 1
20:53:09.304 [AsyncHttpClient-1-2] DEBUG org.asynchttpclient.netty.handler.HttpHandler - 

Request DefaultHttpRequest(decodeResult: success, version: HTTP/1.1)
POST /session/0954f7aea7189d6d0a895cf009ad5be9/url HTTP/1.1
User-Agent: selenium/4.1.2 (java windows)
Content-Length: 79
Content-Type: application/json; charset=utf-8
host: localhost:62279
accept: */*

Response DefaultHttpResponse(decodeResult: success, version: HTTP/1.1)
HTTP/1.1 200 OK
Content-Type: application/json; charset=utf-8
cache-control: no-cache
content-length: 14

20:53:09.304 [AsyncHttpClient-1-2] DEBUG org.asynchttpclient.netty.channel.ChannelManager - Adding key: http://localhost:62279 for channel [id: 0x492dffaf, L:/127.0.0.1:57528 - R:localhost/127.0.0.1:62279]
20:53:09.306 [Forwarding findElement on session 0954f7aea7189d6d0a895cf009ad5be9 to remote] DEBUG org.asynchttpclient.netty.request.NettyRequestSender - Using pooled Channel '[id: 0x492dffaf, L:/127.0.0.1:57528 - R:localhost/127.0.0.1:62279]' for 'POST' to 'http://localhost:62279/session/0954f7aea7189d6d0a895cf009ad5be9/element'
20:53:09.306 [Forwarding findElement on session 0954f7aea7189d6d0a895cf009ad5be9 to remote] DEBUG org.asynchttpclient.netty.request.NettyRequestSender - Using open Channel [id: 0x492dffaf, L:/127.0.0.1:57528 - R:localhost/127.0.0.1:62279] for POST '/session/0954f7aea7189d6d0a895cf009ad5be9/element'
20:53:09.314 [AsyncHttpClient-1-2] DEBUG org.asynchttpclient.netty.handler.HttpHandler - 

Request DefaultHttpRequest(decodeResult: success, version: HTTP/1.1)
POST /session/0954f7aea7189d6d0a895cf009ad5be9/element HTTP/1.1
User-Agent: selenium/4.1.2 (java windows)
Content-Length: 86
Content-Type: application/json; charset=utf-8
host: localhost:62279
accept: */*

Response DefaultHttpResponse(decodeResult: success, version: HTTP/1.1)
HTTP/1.1 200 OK
Content-Type: application/json; charset=utf-8
cache-control: no-cache
content-length: 126

20:53:09.314 [AsyncHttpClient-1-2] DEBUG org.asynchttpclient.netty.channel.ChannelManager - Adding key: http://localhost:62279 for channel [id: 0x492dffaf, L:/127.0.0.1:57528 - R:localhost/127.0.0.1:62279]
20:53:09.316 [Forwarding clickElement on session 0954f7aea7189d6d0a895cf009ad5be9 to remote] DEBUG org.asynchttpclient.netty.request.NettyRequestSender - Using pooled Channel '[id: 0x492dffaf, L:/127.0.0.1:57528 - R:localhost/127.0.0.1:62279]' for 'POST' to 'http://localhost:62279/session/0954f7aea7189d6d0a895cf009ad5be9/element/f.293EC377388384B2FA32A6F990B01C91.d.EC14EF1ECE66A7DD219B96D9A59A771F.e.39/click'
20:53:09.316 [Forwarding clickElement on session 0954f7aea7189d6d0a895cf009ad5be9 to remote] DEBUG org.asynchttpclient.netty.request.NettyRequestSender - Using open Channel [id: 0x492dffaf, L:/127.0.0.1:57528 - R:localhost/127.0.0.1:62279] for POST '/session/0954f7aea7189d6d0a895cf009ad5be9/element/f.293EC377388384B2FA32A6F990B01C91.d.EC14EF1ECE66A7DD219B96D9A59A771F.e.39/click'
20:53:09.582 [AsyncHttpClient-1-1] DEBUG org.asynchttpclient.netty.channel.DefaultChannelPool - Entry count for : http://localhost:57531 : 1
20:53:09.765 [AsyncHttpClient-1-2] DEBUG org.asynchttpclient.netty.handler.HttpHandler - 

Request DefaultHttpRequest(decodeResult: success, version: HTTP/1.1)
POST /session/0954f7aea7189d6d0a895cf009ad5be9/element/f.293EC377388384B2FA32A6F990B01C91.d.EC14EF1ECE66A7DD219B96D9A59A771F.e.39/click HTTP/1.1
User-Agent: selenium/4.1.2 (java windows)
Content-Length: 88
Content-Type: application/json; charset=utf-8
host: localhost:62279
accept: */*

Response DefaultHttpResponse(decodeResult: success, version: HTTP/1.1)
HTTP/1.1 200 OK
Content-Type: application/json; charset=utf-8
cache-control: no-cache
content-length: 14

20:53:09.766 [AsyncHttpClient-1-2] DEBUG org.asynchttpclient.netty.channel.ChannelManager - Adding key: http://localhost:62279 for channel [id: 0x492dffaf, L:/127.0.0.1:57528 - R:localhost/127.0.0.1:62279]
20:53:09.767 [Forwarding findElement on session 0954f7aea7189d6d0a895cf009ad5be9 to remote] DEBUG org.asynchttpclient.netty.request.NettyRequestSender - Using pooled Channel '[id: 0x492dffaf, L:/127.0.0.1:57528 - R:localhost/127.0.0.1:62279]' for 'POST' to 'http://localhost:62279/session/0954f7aea7189d6d0a895cf009ad5be9/element'
20:53:09.767 [Forwarding findElement on session 0954f7aea7189d6d0a895cf009ad5be9 to remote] DEBUG org.asynchttpclient.netty.request.NettyRequestSender - Using open Channel [id: 0x492dffaf, L:/127.0.0.1:57528 - R:localhost/127.0.0.1:62279] for POST '/session/0954f7aea7189d6d0a895cf009ad5be9/element'
20:53:09.777 [AsyncHttpClient-1-2] DEBUG org.asynchttpclient.netty.handler.HttpHandler - 

Request DefaultHttpRequest(decodeResult: success, version: HTTP/1.1)
POST /session/0954f7aea7189d6d0a895cf009ad5be9/element HTTP/1.1
User-Agent: selenium/4.1.2 (java windows)
Content-Length: 53
Content-Type: application/json; charset=utf-8
host: localhost:62279
accept: */*

Response DefaultHttpResponse(decodeResult: success, version: HTTP/1.1)
HTTP/1.1 200 OK
Content-Type: application/json; charset=utf-8
cache-control: no-cache
content-length: 126

20:53:09.778 [AsyncHttpClient-1-2] DEBUG org.asynchttpclient.netty.channel.ChannelManager - Adding key: http://localhost:62279 for channel [id: 0x492dffaf, L:/127.0.0.1:57528 - R:localhost/127.0.0.1:62279]
20:53:09.780 [Forwarding sendKeysToElement on session 0954f7aea7189d6d0a895cf009ad5be9 to remote] DEBUG org.asynchttpclient.netty.request.NettyRequestSender - Using pooled Channel '[id: 0x492dffaf, L:/127.0.0.1:57528 - R:localhost/127.0.0.1:62279]' for 'POST' to 'http://localhost:62279/session/0954f7aea7189d6d0a895cf009ad5be9/element/f.293EC377388384B2FA32A6F990B01C91.d.681CCF3E5113956BFAA315DABAB4D819.e.41/value'
20:53:09.780 [Forwarding sendKeysToElement on session 0954f7aea7189d6d0a895cf009ad5be9 to remote] DEBUG org.asynchttpclient.netty.request.NettyRequestSender - Using open Channel [id: 0x492dffaf, L:/127.0.0.1:57528 - R:localhost/127.0.0.1:62279] for POST '/session/0954f7aea7189d6d0a895cf009ad5be9/element/f.293EC377388384B2FA32A6F990B01C91.d.681CCF3E5113956BFAA315DABAB4D819.e.41/value'
20:53:09.819 [AsyncHttpClient-1-2] DEBUG org.asynchttpclient.netty.handler.HttpHandler - 

Request DefaultHttpRequest(decodeResult: success, version: HTTP/1.1)
POST /session/0954f7aea7189d6d0a895cf009ad5be9/element/f.293EC377388384B2FA32A6F990B01C91.d.681CCF3E5113956BFAA315DABAB4D819.e.41/value HTTP/1.1
User-Agent: selenium/4.1.2 (java windows)
Content-Length: 249
Content-Type: application/json; charset=utf-8
host: localhost:62279
accept: */*

Response DefaultHttpResponse(decodeResult: success, version: HTTP/1.1)
HTTP/1.1 200 OK
Content-Type: application/json; charset=utf-8
cache-control: no-cache
content-length: 14

20:53:09.819 [AsyncHttpClient-1-2] DEBUG org.asynchttpclient.netty.channel.ChannelManager - Adding key: http://localhost:62279 for channel [id: 0x492dffaf, L:/127.0.0.1:57528 - R:localhost/127.0.0.1:62279]
20:53:09.821 [Forwarding findElement on session 0954f7aea7189d6d0a895cf009ad5be9 to remote] DEBUG org.asynchttpclient.netty.request.NettyRequestSender - Using pooled Channel '[id: 0x492dffaf, L:/127.0.0.1:57528 - R:localhost/127.0.0.1:62279]' for 'POST' to 'http://localhost:62279/session/0954f7aea7189d6d0a895cf009ad5be9/element'
20:53:09.821 [Forwarding findElement on session 0954f7aea7189d6d0a895cf009ad5be9 to remote] DEBUG org.asynchttpclient.netty.request.NettyRequestSender - Using open Channel [id: 0x492dffaf, L:/127.0.0.1:57528 - R:localhost/127.0.0.1:62279] for POST '/session/0954f7aea7189d6d0a895cf009ad5be9/element'
20:53:09.829 [AsyncHttpClient-1-2] DEBUG org.asynchttpclient.netty.handler.HttpHandler - 

Request DefaultHttpRequest(decodeResult: success, version: HTTP/1.1)
POST /session/0954f7aea7189d6d0a895cf009ad5be9/element HTTP/1.1
User-Agent: selenium/4.1.2 (java windows)
Content-Length: 53
Content-Type: application/json; charset=utf-8
host: localhost:62279
accept: */*

Response DefaultHttpResponse(decodeResult: success, version: HTTP/1.1)
HTTP/1.1 200 OK
Content-Type: application/json; charset=utf-8
cache-control: no-cache
content-length: 126

20:53:09.830 [AsyncHttpClient-1-2] DEBUG org.asynchttpclient.netty.channel.ChannelManager - Adding key: http://localhost:62279 for channel [id: 0x492dffaf, L:/127.0.0.1:57528 - R:localhost/127.0.0.1:62279]
20:53:09.831 [Forwarding sendKeysToElement on session 0954f7aea7189d6d0a895cf009ad5be9 to remote] DEBUG org.asynchttpclient.netty.request.NettyRequestSender - Using pooled Channel '[id: 0x492dffaf, L:/127.0.0.1:57528 - R:localhost/127.0.0.1:62279]' for 'POST' to 'http://localhost:62279/session/0954f7aea7189d6d0a895cf009ad5be9/element/f.293EC377388384B2FA32A6F990B01C91.d.681CCF3E5113956BFAA315DABAB4D819.e.42/value'
20:53:09.832 [Forwarding sendKeysToElement on session 0954f7aea7189d6d0a895cf009ad5be9 to remote] DEBUG org.asynchttpclient.netty.request.NettyRequestSender - Using open Channel [id: 0x492dffaf, L:/127.0.0.1:57528 - R:localhost/127.0.0.1:62279] for POST '/session/0954f7aea7189d6d0a895cf009ad5be9/element/f.293EC377388384B2FA32A6F990B01C91.d.681CCF3E5113956BFAA315DABAB4D819.e.42/value'
20:53:09.872 [AsyncHttpClient-1-2] DEBUG org.asynchttpclient.netty.handler.HttpHandler - 

Request DefaultHttpRequest(decodeResult: success, version: HTTP/1.1)
POST /session/0954f7aea7189d6d0a895cf009ad5be9/element/f.293EC377388384B2FA32A6F990B01C91.d.681CCF3E5113956BFAA315DABAB4D819.e.42/value HTTP/1.1
User-Agent: selenium/4.1.2 (java windows)
Content-Length: 229
Content-Type: application/json; charset=utf-8
host: localhost:62279
accept: */*

Response DefaultHttpResponse(decodeResult: success, version: HTTP/1.1)
HTTP/1.1 200 OK
Content-Type: application/json; charset=utf-8
cache-control: no-cache
content-length: 14

20:53:09.873 [AsyncHttpClient-1-2] DEBUG org.asynchttpclient.netty.channel.ChannelManager - Adding key: http://localhost:62279 for channel [id: 0x492dffaf, L:/127.0.0.1:57528 - R:localhost/127.0.0.1:62279]
20:53:09.875 [Forwarding findElement on session 0954f7aea7189d6d0a895cf009ad5be9 to remote] DEBUG org.asynchttpclient.netty.request.NettyRequestSender - Using pooled Channel '[id: 0x492dffaf, L:/127.0.0.1:57528 - R:localhost/127.0.0.1:62279]' for 'POST' to 'http://localhost:62279/session/0954f7aea7189d6d0a895cf009ad5be9/element'
20:53:09.875 [Forwarding findElement on session 0954f7aea7189d6d0a895cf009ad5be9 to remote] DEBUG org.asynchttpclient.netty.request.NettyRequestSender - Using open Channel [id: 0x492dffaf, L:/127.0.0.1:57528 - R:localhost/127.0.0.1:62279] for POST '/session/0954f7aea7189d6d0a895cf009ad5be9/element'
20:53:09.884 [AsyncHttpClient-1-2] DEBUG org.asynchttpclient.netty.handler.HttpHandler - 

Request DefaultHttpRequest(decodeResult: success, version: HTTP/1.1)
POST /session/0954f7aea7189d6d0a895cf009ad5be9/element HTTP/1.1
User-Agent: selenium/4.1.2 (java windows)
Content-Length: 51
Content-Type: application/json; charset=utf-8
host: localhost:62279
accept: */*

Response DefaultHttpResponse(decodeResult: success, version: HTTP/1.1)
HTTP/1.1 200 OK
Content-Type: application/json; charset=utf-8
cache-control: no-cache
content-length: 126

20:53:09.884 [AsyncHttpClient-1-2] DEBUG org.asynchttpclient.netty.channel.ChannelManager - Adding key: http://localhost:62279 for channel [id: 0x492dffaf, L:/127.0.0.1:57528 - R:localhost/127.0.0.1:62279]
20:53:09.886 [Forwarding clickElement on session 0954f7aea7189d6d0a895cf009ad5be9 to remote] DEBUG org.asynchttpclient.netty.request.NettyRequestSender - Using pooled Channel '[id: 0x492dffaf, L:/127.0.0.1:57528 - R:localhost/127.0.0.1:62279]' for 'POST' to 'http://localhost:62279/session/0954f7aea7189d6d0a895cf009ad5be9/element/f.293EC377388384B2FA32A6F990B01C91.d.681CCF3E5113956BFAA315DABAB4D819.e.48/click'
20:53:09.886 [Forwarding clickElement on session 0954f7aea7189d6d0a895cf009ad5be9 to remote] DEBUG org.asynchttpclient.netty.request.NettyRequestSender - Using open Channel [id: 0x492dffaf, L:/127.0.0.1:57528 - R:localhost/127.0.0.1:62279] for POST '/session/0954f7aea7189d6d0a895cf009ad5be9/element/f.293EC377388384B2FA32A6F990B01C91.d.681CCF3E5113956BFAA315DABAB4D819.e.48/click'
20:53:09.935 [AsyncHttpClient-1-2] DEBUG org.asynchttpclient.netty.handler.HttpHandler - 

Request DefaultHttpRequest(decodeResult: success, version: HTTP/1.1)
POST /session/0954f7aea7189d6d0a895cf009ad5be9/element/f.293EC377388384B2FA32A6F990B01C91.d.681CCF3E5113956BFAA315DABAB4D819.e.48/click HTTP/1.1
User-Agent: selenium/4.1.2 (java windows)
Content-Length: 88
Content-Type: application/json; charset=utf-8
host: localhost:62279
accept: */*

Response DefaultHttpResponse(decodeResult: success, version: HTTP/1.1)
HTTP/1.1 200 OK
Content-Type: application/json; charset=utf-8
cache-control: no-cache
content-length: 14

20:53:09.935 [AsyncHttpClient-1-2] DEBUG org.asynchttpclient.netty.channel.ChannelManager - Adding key: http://localhost:62279 for channel [id: 0x492dffaf, L:/127.0.0.1:57528 - R:localhost/127.0.0.1:62279]
20:53:10.678 [AsyncHttpClient-1-1] DEBUG org.asynchttpclient.netty.channel.DefaultChannelPool - Entry count for : http://localhost:62279 : 1
20:53:10.678 [AsyncHttpClient-1-1] DEBUG org.asynchttpclient.netty.channel.DefaultChannelPool - Entry count for : http://localhost:57531 : 1
20:53:11.781 [AsyncHttpClient-1-1] DEBUG org.asynchttpclient.netty.channel.DefaultChannelPool - Entry count for : http://localhost:62279 : 1
20:53:11.781 [AsyncHttpClient-1-1] DEBUG org.asynchttpclient.netty.channel.DefaultChannelPool - Entry count for : http://localhost:57531 : 1
20:53:12.877 [AsyncHttpClient-1-1] DEBUG org.asynchttpclient.netty.channel.DefaultChannelPool - Entry count for : http://localhost:62279 : 1
20:53:12.877 [AsyncHttpClient-1-1] DEBUG org.asynchttpclient.netty.channel.DefaultChannelPool - Entry count for : http://localhost:57531 : 1
20:53:13.978 [AsyncHttpClient-1-1] DEBUG org.asynchttpclient.netty.channel.DefaultChannelPool - Entry count for : http://localhost:62279 : 1
20:53:13.978 [AsyncHttpClient-1-1] DEBUG org.asynchttpclient.netty.channel.DefaultChannelPool - Entry count for : http://localhost:57531 : 1
20:53:14.942 [Forwarding findElement on session 0954f7aea7189d6d0a895cf009ad5be9 to remote] DEBUG org.asynchttpclient.netty.request.NettyRequestSender - Using pooled Channel '[id: 0x492dffaf, L:/127.0.0.1:57528 - R:localhost/127.0.0.1:62279]' for 'POST' to 'http://localhost:62279/session/0954f7aea7189d6d0a895cf009ad5be9/element'
20:53:14.942 [Forwarding findElement on session 0954f7aea7189d6d0a895cf009ad5be9 to remote] DEBUG org.asynchttpclient.netty.request.NettyRequestSender - Using open Channel [id: 0x492dffaf, L:/127.0.0.1:57528 - R:localhost/127.0.0.1:62279] for POST '/session/0954f7aea7189d6d0a895cf009ad5be9/element'
20:53:14.962 [AsyncHttpClient-1-2] DEBUG org.asynchttpclient.netty.handler.HttpHandler - 

Request DefaultHttpRequest(decodeResult: success, version: HTTP/1.1)
POST /session/0954f7aea7189d6d0a895cf009ad5be9/element HTTP/1.1
User-Agent: selenium/4.1.2 (java windows)
Content-Length: 50
Content-Type: application/json; charset=utf-8
host: localhost:62279
accept: */*

Response DefaultHttpResponse(decodeResult: success, version: HTTP/1.1)
HTTP/1.1 200 OK
Content-Type: application/json; charset=utf-8
cache-control: no-cache
content-length: 126

20:53:14.962 [AsyncHttpClient-1-2] DEBUG org.asynchttpclient.netty.channel.ChannelManager - Adding key: http://localhost:62279 for channel [id: 0x492dffaf, L:/127.0.0.1:57528 - R:localhost/127.0.0.1:62279]
20:53:14.965 [Forwarding getElementText on session 0954f7aea7189d6d0a895cf009ad5be9 to remote] DEBUG org.asynchttpclient.netty.request.NettyRequestSender - Using pooled Channel '[id: 0x492dffaf, L:/127.0.0.1:57528 - R:localhost/127.0.0.1:62279]' for 'GET' to 'http://localhost:62279/session/0954f7aea7189d6d0a895cf009ad5be9/element/f.293EC377388384B2FA32A6F990B01C91.d.681CCF3E5113956BFAA315DABAB4D819.e.49/text'
20:53:14.965 [Forwarding getElementText on session 0954f7aea7189d6d0a895cf009ad5be9 to remote] DEBUG org.asynchttpclient.netty.request.NettyRequestSender - Using open Channel [id: 0x492dffaf, L:/127.0.0.1:57528 - R:localhost/127.0.0.1:62279] for GET '/session/0954f7aea7189d6d0a895cf009ad5be9/element/f.293EC377388384B2FA32A6F990B01C91.d.681CCF3E5113956BFAA315DABAB4D819.e.49/text'
20:53:14.981 [AsyncHttpClient-1-2] DEBUG org.asynchttpclient.netty.handler.HttpHandler - 

Request DefaultFullHttpRequest(decodeResult: success, version: HTTP/1.1, content: EmptyByteBufBE)
GET /session/0954f7aea7189d6d0a895cf009ad5be9/element/f.293EC377388384B2FA32A6F990B01C91.d.681CCF3E5113956BFAA315DABAB4D819.e.49/text HTTP/1.1
User-Agent: selenium/4.1.2 (java windows)
Cache-Control: no-cache
Content-Type: application/json; charset=utf-8
host: localhost:62279
accept: */*

Response DefaultHttpResponse(decodeResult: success, version: HTTP/1.1)
HTTP/1.1 200 OK
Content-Type: application/json; charset=utf-8
cache-control: no-cache
content-length: 37

20:53:14.982 [AsyncHttpClient-1-2] DEBUG org.asynchttpclient.netty.channel.ChannelManager - Adding key: http://localhost:62279 for channel [id: 0x492dffaf, L:/127.0.0.1:57528 - R:localhost/127.0.0.1:62279]
20:53:14.985 [Forwarding findElement on session 0954f7aea7189d6d0a895cf009ad5be9 to remote] DEBUG org.asynchttpclient.netty.request.NettyRequestSender - Using pooled Channel '[id: 0x492dffaf, L:/127.0.0.1:57528 - R:localhost/127.0.0.1:62279]' for 'POST' to 'http://localhost:62279/session/0954f7aea7189d6d0a895cf009ad5be9/element'
20:53:14.985 [Forwarding findElement on session 0954f7aea7189d6d0a895cf009ad5be9 to remote] DEBUG org.asynchttpclient.netty.request.NettyRequestSender - Using open Channel [id: 0x492dffaf, L:/127.0.0.1:57528 - R:localhost/127.0.0.1:62279] for POST '/session/0954f7aea7189d6d0a895cf009ad5be9/element'
20:53:15.001 [AsyncHttpClient-1-2] DEBUG org.asynchttpclient.netty.handler.HttpHandler - 

Request DefaultHttpRequest(decodeResult: success, version: HTTP/1.1)
POST /session/0954f7aea7189d6d0a895cf009ad5be9/element HTTP/1.1
User-Agent: selenium/4.1.2 (java windows)
Content-Length: 50
Content-Type: application/json; charset=utf-8
host: localhost:62279
accept: */*

Response DefaultHttpResponse(decodeResult: success, version: HTTP/1.1)
HTTP/1.1 200 OK
Content-Type: application/json; charset=utf-8
cache-control: no-cache
content-length: 126

20:53:15.002 [AsyncHttpClient-1-2] DEBUG org.asynchttpclient.netty.channel.ChannelManager - Adding key: http://localhost:62279 for channel [id: 0x492dffaf, L:/127.0.0.1:57528 - R:localhost/127.0.0.1:62279]
20:53:15.004 [Forwarding getElementValueOfCssProperty on session 0954f7aea7189d6d0a895cf009ad5be9 to remote] DEBUG org.asynchttpclient.netty.request.NettyRequestSender - Using pooled Channel '[id: 0x492dffaf, L:/127.0.0.1:57528 - R:localhost/127.0.0.1:62279]' for 'GET' to 'http://localhost:62279/session/0954f7aea7189d6d0a895cf009ad5be9/element/f.293EC377388384B2FA32A6F990B01C91.d.681CCF3E5113956BFAA315DABAB4D819.e.49/css/display'
20:53:15.004 [Forwarding getElementValueOfCssProperty on session 0954f7aea7189d6d0a895cf009ad5be9 to remote] DEBUG org.asynchttpclient.netty.request.NettyRequestSender - Using open Channel [id: 0x492dffaf, L:/127.0.0.1:57528 - R:localhost/127.0.0.1:62279] for GET '/session/0954f7aea7189d6d0a895cf009ad5be9/element/f.293EC377388384B2FA32A6F990B01C91.d.681CCF3E5113956BFAA315DABAB4D819.e.49/css/display'
20:53:15.015 [AsyncHttpClient-1-2] DEBUG org.asynchttpclient.netty.handler.HttpHandler - 

Request DefaultFullHttpRequest(decodeResult: success, version: HTTP/1.1, content: EmptyByteBufBE)
GET /session/0954f7aea7189d6d0a895cf009ad5be9/element/f.293EC377388384B2FA32A6F990B01C91.d.681CCF3E5113956BFAA315DABAB4D819.e.49/css/display HTTP/1.1
User-Agent: selenium/4.1.2 (java windows)
Cache-Control: no-cache
Content-Type: application/json; charset=utf-8
host: localhost:62279
accept: */*

Response DefaultHttpResponse(decodeResult: success, version: HTTP/1.1)
HTTP/1.1 200 OK
Content-Type: application/json; charset=utf-8
cache-control: no-cache
content-length: 17

20:53:15.015 [AsyncHttpClient-1-2] DEBUG org.asynchttpclient.netty.channel.ChannelManager - Adding key: http://localhost:62279 for channel [id: 0x492dffaf, L:/127.0.0.1:57528 - R:localhost/127.0.0.1:62279]
20:53:15.081 [AsyncHttpClient-1-1] DEBUG org.asynchttpclient.netty.channel.DefaultChannelPool - Entry count for : http://localhost:62279 : 1
20:53:15.081 [AsyncHttpClient-1-1] DEBUG org.asynchttpclient.netty.channel.DefaultChannelPool - Entry count for : http://localhost:57531 : 1
20:53:16.184 [AsyncHttpClient-1-1] DEBUG org.asynchttpclient.netty.channel.DefaultChannelPool - Entry count for : http://localhost:62279 : 1
20:53:16.184 [AsyncHttpClient-1-1] DEBUG org.asynchttpclient.netty.channel.DefaultChannelPool - Entry count for : http://localhost:57531 : 1
20:53:17.278 [AsyncHttpClient-1-1] DEBUG org.asynchttpclient.netty.channel.DefaultChannelPool - Entry count for : http://localhost:62279 : 1
20:53:17.278 [AsyncHttpClient-1-1] DEBUG org.asynchttpclient.netty.channel.DefaultChannelPool - Entry count for : http://localhost:57531 : 1
20:53:18.384 [AsyncHttpClient-1-1] DEBUG org.asynchttpclient.netty.channel.DefaultChannelPool - Entry count for : http://localhost:62279 : 1
20:53:18.384 [AsyncHttpClient-1-1] DEBUG org.asynchttpclient.netty.channel.DefaultChannelPool - Entry count for : http://localhost:57531 : 1
20:53:19.480 [AsyncHttpClient-1-1] DEBUG org.asynchttpclient.netty.channel.DefaultChannelPool - Entry count for : http://localhost:62279 : 1
20:53:19.480 [AsyncHttpClient-1-1] DEBUG org.asynchttpclient.netty.channel.DefaultChannelPool - Entry count for : http://localhost:57531 : 1
20:53:20.577 [AsyncHttpClient-1-1] DEBUG org.asynchttpclient.netty.channel.DefaultChannelPool - Entry count for : http://localhost:62279 : 1
20:53:20.577 [AsyncHttpClient-1-1] DEBUG org.asynchttpclient.netty.channel.DefaultChannelPool - Entry count for : http://localhost:57531 : 1
20:53:21.683 [AsyncHttpClient-1-1] DEBUG org.asynchttpclient.netty.channel.DefaultChannelPool - Entry count for : http://localhost:62279 : 1
20:53:21.683 [AsyncHttpClient-1-1] DEBUG org.asynchttpclient.netty.channel.DefaultChannelPool - Entry count for : http://localhost:57531 : 1
]]></system-out>
  </testcase>
  <testcase name="negativePassword" classname="testCase.SeleniumTestCase" time="5.672">
    <system-out><![CDATA[20:53:22.028 [Forwarding get on session 0954f7aea7189d6d0a895cf009ad5be9 to remote] DEBUG org.asynchttpclient.netty.request.NettyRequestSender - Using pooled Channel '[id: 0x492dffaf, L:/127.0.0.1:57528 - R:localhost/127.0.0.1:62279]' for 'POST' to 'http://localhost:62279/session/0954f7aea7189d6d0a895cf009ad5be9/url'
20:53:22.029 [Forwarding get on session 0954f7aea7189d6d0a895cf009ad5be9 to remote] DEBUG org.asynchttpclient.netty.request.NettyRequestSender - Using open Channel [id: 0x492dffaf, L:/127.0.0.1:57528 - R:localhost/127.0.0.1:62279] for POST '/session/0954f7aea7189d6d0a895cf009ad5be9/url'
20:53:22.777 [AsyncHttpClient-1-1] DEBUG org.asynchttpclient.netty.channel.DefaultChannelPool - Entry count for : http://localhost:57531 : 1
20:53:23.879 [AsyncHttpClient-1-1] DEBUG org.asynchttpclient.netty.channel.DefaultChannelPool - Entry count for : http://localhost:57531 : 1
20:53:24.982 [AsyncHttpClient-1-1] DEBUG org.asynchttpclient.netty.channel.DefaultChannelPool - Entry count for : http://localhost:57531 : 1
20:53:25.011 [AsyncHttpClient-1-2] DEBUG org.asynchttpclient.netty.handler.HttpHandler - 

Request DefaultHttpRequest(decodeResult: success, version: HTTP/1.1)
POST /session/0954f7aea7189d6d0a895cf009ad5be9/url HTTP/1.1
User-Agent: selenium/4.1.2 (java windows)
Content-Length: 79
Content-Type: application/json; charset=utf-8
host: localhost:62279
accept: */*

Response DefaultHttpResponse(decodeResult: success, version: HTTP/1.1)
HTTP/1.1 200 OK
Content-Type: application/json; charset=utf-8
cache-control: no-cache
content-length: 14

20:53:25.011 [AsyncHttpClient-1-2] DEBUG org.asynchttpclient.netty.channel.ChannelManager - Adding key: http://localhost:62279 for channel [id: 0x492dffaf, L:/127.0.0.1:57528 - R:localhost/127.0.0.1:62279]
20:53:25.013 [Forwarding findElement on session 0954f7aea7189d6d0a895cf009ad5be9 to remote] DEBUG org.asynchttpclient.netty.request.NettyRequestSender - Using pooled Channel '[id: 0x492dffaf, L:/127.0.0.1:57528 - R:localhost/127.0.0.1:62279]' for 'POST' to 'http://localhost:62279/session/0954f7aea7189d6d0a895cf009ad5be9/element'
20:53:25.013 [Forwarding findElement on session 0954f7aea7189d6d0a895cf009ad5be9 to remote] DEBUG org.asynchttpclient.netty.request.NettyRequestSender - Using open Channel [id: 0x492dffaf, L:/127.0.0.1:57528 - R:localhost/127.0.0.1:62279] for POST '/session/0954f7aea7189d6d0a895cf009ad5be9/element'
20:53:25.021 [AsyncHttpClient-1-2] DEBUG org.asynchttpclient.netty.handler.HttpHandler - 

Request DefaultHttpRequest(decodeResult: success, version: HTTP/1.1)
POST /session/0954f7aea7189d6d0a895cf009ad5be9/element HTTP/1.1
User-Agent: selenium/4.1.2 (java windows)
Content-Length: 86
Content-Type: application/json; charset=utf-8
host: localhost:62279
accept: */*

Response DefaultHttpResponse(decodeResult: success, version: HTTP/1.1)
HTTP/1.1 200 OK
Content-Type: application/json; charset=utf-8
cache-control: no-cache
content-length: 126

20:53:25.021 [AsyncHttpClient-1-2] DEBUG org.asynchttpclient.netty.channel.ChannelManager - Adding key: http://localhost:62279 for channel [id: 0x492dffaf, L:/127.0.0.1:57528 - R:localhost/127.0.0.1:62279]
20:53:25.022 [Forwarding clickElement on session 0954f7aea7189d6d0a895cf009ad5be9 to remote] DEBUG org.asynchttpclient.netty.request.NettyRequestSender - Using pooled Channel '[id: 0x492dffaf, L:/127.0.0.1:57528 - R:localhost/127.0.0.1:62279]' for 'POST' to 'http://localhost:62279/session/0954f7aea7189d6d0a895cf009ad5be9/element/f.293EC377388384B2FA32A6F990B01C91.d.8295F79374C72C9E813A236DFF1C29D2.e.55/click'
20:53:25.022 [Forwarding clickElement on session 0954f7aea7189d6d0a895cf009ad5be9 to remote] DEBUG org.asynchttpclient.netty.request.NettyRequestSender - Using open Channel [id: 0x492dffaf, L:/127.0.0.1:57528 - R:localhost/127.0.0.1:62279] for POST '/session/0954f7aea7189d6d0a895cf009ad5be9/element/f.293EC377388384B2FA32A6F990B01C91.d.8295F79374C72C9E813A236DFF1C29D2.e.55/click'
20:53:25.466 [AsyncHttpClient-1-2] DEBUG org.asynchttpclient.netty.handler.HttpHandler - 

Request DefaultHttpRequest(decodeResult: success, version: HTTP/1.1)
POST /session/0954f7aea7189d6d0a895cf009ad5be9/element/f.293EC377388384B2FA32A6F990B01C91.d.8295F79374C72C9E813A236DFF1C29D2.e.55/click HTTP/1.1
User-Agent: selenium/4.1.2 (java windows)
Content-Length: 88
Content-Type: application/json; charset=utf-8
host: localhost:62279
accept: */*

Response DefaultHttpResponse(decodeResult: success, version: HTTP/1.1)
HTTP/1.1 200 OK
Content-Type: application/json; charset=utf-8
cache-control: no-cache
content-length: 14

20:53:25.467 [AsyncHttpClient-1-2] DEBUG org.asynchttpclient.netty.channel.ChannelManager - Adding key: http://localhost:62279 for channel [id: 0x492dffaf, L:/127.0.0.1:57528 - R:localhost/127.0.0.1:62279]
20:53:25.468 [Forwarding findElement on session 0954f7aea7189d6d0a895cf009ad5be9 to remote] DEBUG org.asynchttpclient.netty.request.NettyRequestSender - Using pooled Channel '[id: 0x492dffaf, L:/127.0.0.1:57528 - R:localhost/127.0.0.1:62279]' for 'POST' to 'http://localhost:62279/session/0954f7aea7189d6d0a895cf009ad5be9/element'
20:53:25.468 [Forwarding findElement on session 0954f7aea7189d6d0a895cf009ad5be9 to remote] DEBUG org.asynchttpclient.netty.request.NettyRequestSender - Using open Channel [id: 0x492dffaf, L:/127.0.0.1:57528 - R:localhost/127.0.0.1:62279] for POST '/session/0954f7aea7189d6d0a895cf009ad5be9/element'
20:53:25.477 [AsyncHttpClient-1-2] DEBUG org.asynchttpclient.netty.handler.HttpHandler - 

Request DefaultHttpRequest(decodeResult: success, version: HTTP/1.1)
POST /session/0954f7aea7189d6d0a895cf009ad5be9/element HTTP/1.1
User-Agent: selenium/4.1.2 (java windows)
Content-Length: 53
Content-Type: application/json; charset=utf-8
host: localhost:62279
accept: */*

Response DefaultHttpResponse(decodeResult: success, version: HTTP/1.1)
HTTP/1.1 200 OK
Content-Type: application/json; charset=utf-8
cache-control: no-cache
content-length: 126

20:53:25.478 [AsyncHttpClient-1-2] DEBUG org.asynchttpclient.netty.channel.ChannelManager - Adding key: http://localhost:62279 for channel [id: 0x492dffaf, L:/127.0.0.1:57528 - R:localhost/127.0.0.1:62279]
20:53:25.480 [Forwarding sendKeysToElement on session 0954f7aea7189d6d0a895cf009ad5be9 to remote] DEBUG org.asynchttpclient.netty.request.NettyRequestSender - Using pooled Channel '[id: 0x492dffaf, L:/127.0.0.1:57528 - R:localhost/127.0.0.1:62279]' for 'POST' to 'http://localhost:62279/session/0954f7aea7189d6d0a895cf009ad5be9/element/f.293EC377388384B2FA32A6F990B01C91.d.70DCE5B21B6B1D6DDCB792299C5858DC.e.57/value'
20:53:25.480 [Forwarding sendKeysToElement on session 0954f7aea7189d6d0a895cf009ad5be9 to remote] DEBUG org.asynchttpclient.netty.request.NettyRequestSender - Using open Channel [id: 0x492dffaf, L:/127.0.0.1:57528 - R:localhost/127.0.0.1:62279] for POST '/session/0954f7aea7189d6d0a895cf009ad5be9/element/f.293EC377388384B2FA32A6F990B01C91.d.70DCE5B21B6B1D6DDCB792299C5858DC.e.57/value'
20:53:25.515 [AsyncHttpClient-1-2] DEBUG org.asynchttpclient.netty.handler.HttpHandler - 

Request DefaultHttpRequest(decodeResult: success, version: HTTP/1.1)
POST /session/0954f7aea7189d6d0a895cf009ad5be9/element/f.293EC377388384B2FA32A6F990B01C91.d.70DCE5B21B6B1D6DDCB792299C5858DC.e.57/value HTTP/1.1
User-Agent: selenium/4.1.2 (java windows)
Content-Length: 189
Content-Type: application/json; charset=utf-8
host: localhost:62279
accept: */*

Response DefaultHttpResponse(decodeResult: success, version: HTTP/1.1)
HTTP/1.1 200 OK
Content-Type: application/json; charset=utf-8
cache-control: no-cache
content-length: 14

20:53:25.515 [AsyncHttpClient-1-2] DEBUG org.asynchttpclient.netty.channel.ChannelManager - Adding key: http://localhost:62279 for channel [id: 0x492dffaf, L:/127.0.0.1:57528 - R:localhost/127.0.0.1:62279]
20:53:25.517 [Forwarding findElement on session 0954f7aea7189d6d0a895cf009ad5be9 to remote] DEBUG org.asynchttpclient.netty.request.NettyRequestSender - Using pooled Channel '[id: 0x492dffaf, L:/127.0.0.1:57528 - R:localhost/127.0.0.1:62279]' for 'POST' to 'http://localhost:62279/session/0954f7aea7189d6d0a895cf009ad5be9/element'
20:53:25.517 [Forwarding findElement on session 0954f7aea7189d6d0a895cf009ad5be9 to remote] DEBUG org.asynchttpclient.netty.request.NettyRequestSender - Using open Channel [id: 0x492dffaf, L:/127.0.0.1:57528 - R:localhost/127.0.0.1:62279] for POST '/session/0954f7aea7189d6d0a895cf009ad5be9/element'
20:53:25.525 [AsyncHttpClient-1-2] DEBUG org.asynchttpclient.netty.handler.HttpHandler - 

Request DefaultHttpRequest(decodeResult: success, version: HTTP/1.1)
POST /session/0954f7aea7189d6d0a895cf009ad5be9/element HTTP/1.1
User-Agent: selenium/4.1.2 (java windows)
Content-Length: 53
Content-Type: application/json; charset=utf-8
host: localhost:62279
accept: */*

Response DefaultHttpResponse(decodeResult: success, version: HTTP/1.1)
HTTP/1.1 200 OK
Content-Type: application/json; charset=utf-8
cache-control: no-cache
content-length: 126

20:53:25.525 [AsyncHttpClient-1-2] DEBUG org.asynchttpclient.netty.channel.ChannelManager - Adding key: http://localhost:62279 for channel [id: 0x492dffaf, L:/127.0.0.1:57528 - R:localhost/127.0.0.1:62279]
20:53:25.527 [Forwarding sendKeysToElement on session 0954f7aea7189d6d0a895cf009ad5be9 to remote] DEBUG org.asynchttpclient.netty.request.NettyRequestSender - Using pooled Channel '[id: 0x492dffaf, L:/127.0.0.1:57528 - R:localhost/127.0.0.1:62279]' for 'POST' to 'http://localhost:62279/session/0954f7aea7189d6d0a895cf009ad5be9/element/f.293EC377388384B2FA32A6F990B01C91.d.70DCE5B21B6B1D6DDCB792299C5858DC.e.58/value'
20:53:25.527 [Forwarding sendKeysToElement on session 0954f7aea7189d6d0a895cf009ad5be9 to remote] DEBUG org.asynchttpclient.netty.request.NettyRequestSender - Using open Channel [id: 0x492dffaf, L:/127.0.0.1:57528 - R:localhost/127.0.0.1:62279] for POST '/session/0954f7aea7189d6d0a895cf009ad5be9/element/f.293EC377388384B2FA32A6F990B01C91.d.70DCE5B21B6B1D6DDCB792299C5858DC.e.58/value'
20:53:25.574 [AsyncHttpClient-1-2] DEBUG org.asynchttpclient.netty.handler.HttpHandler - 

Request DefaultHttpRequest(decodeResult: success, version: HTTP/1.1)
POST /session/0954f7aea7189d6d0a895cf009ad5be9/element/f.293EC377388384B2FA32A6F990B01C91.d.70DCE5B21B6B1D6DDCB792299C5858DC.e.58/value HTTP/1.1
User-Agent: selenium/4.1.2 (java windows)
Content-Length: 289
Content-Type: application/json; charset=utf-8
host: localhost:62279
accept: */*

Response DefaultHttpResponse(decodeResult: success, version: HTTP/1.1)
HTTP/1.1 200 OK
Content-Type: application/json; charset=utf-8
cache-control: no-cache
content-length: 14

20:53:25.574 [AsyncHttpClient-1-2] DEBUG org.asynchttpclient.netty.channel.ChannelManager - Adding key: http://localhost:62279 for channel [id: 0x492dffaf, L:/127.0.0.1:57528 - R:localhost/127.0.0.1:62279]
20:53:25.576 [Forwarding findElement on session 0954f7aea7189d6d0a895cf009ad5be9 to remote] DEBUG org.asynchttpclient.netty.request.NettyRequestSender - Using pooled Channel '[id: 0x492dffaf, L:/127.0.0.1:57528 - R:localhost/127.0.0.1:62279]' for 'POST' to 'http://localhost:62279/session/0954f7aea7189d6d0a895cf009ad5be9/element'
20:53:25.576 [Forwarding findElement on session 0954f7aea7189d6d0a895cf009ad5be9 to remote] DEBUG org.asynchttpclient.netty.request.NettyRequestSender - Using open Channel [id: 0x492dffaf, L:/127.0.0.1:57528 - R:localhost/127.0.0.1:62279] for POST '/session/0954f7aea7189d6d0a895cf009ad5be9/element'
20:53:25.584 [AsyncHttpClient-1-2] DEBUG org.asynchttpclient.netty.handler.HttpHandler - 

Request DefaultHttpRequest(decodeResult: success, version: HTTP/1.1)
POST /session/0954f7aea7189d6d0a895cf009ad5be9/element HTTP/1.1
User-Agent: selenium/4.1.2 (java windows)
Content-Length: 51
Content-Type: application/json; charset=utf-8
host: localhost:62279
accept: */*

Response DefaultHttpResponse(decodeResult: success, version: HTTP/1.1)
HTTP/1.1 200 OK
Content-Type: application/json; charset=utf-8
cache-control: no-cache
content-length: 126

20:53:25.584 [AsyncHttpClient-1-2] DEBUG org.asynchttpclient.netty.channel.ChannelManager - Adding key: http://localhost:62279 for channel [id: 0x492dffaf, L:/127.0.0.1:57528 - R:localhost/127.0.0.1:62279]
20:53:25.586 [Forwarding clickElement on session 0954f7aea7189d6d0a895cf009ad5be9 to remote] DEBUG org.asynchttpclient.netty.request.NettyRequestSender - Using pooled Channel '[id: 0x492dffaf, L:/127.0.0.1:57528 - R:localhost/127.0.0.1:62279]' for 'POST' to 'http://localhost:62279/session/0954f7aea7189d6d0a895cf009ad5be9/element/f.293EC377388384B2FA32A6F990B01C91.d.70DCE5B21B6B1D6DDCB792299C5858DC.e.64/click'
20:53:25.586 [Forwarding clickElement on session 0954f7aea7189d6d0a895cf009ad5be9 to remote] DEBUG org.asynchttpclient.netty.request.NettyRequestSender - Using open Channel [id: 0x492dffaf, L:/127.0.0.1:57528 - R:localhost/127.0.0.1:62279] for POST '/session/0954f7aea7189d6d0a895cf009ad5be9/element/f.293EC377388384B2FA32A6F990B01C91.d.70DCE5B21B6B1D6DDCB792299C5858DC.e.64/click'
20:53:25.631 [AsyncHttpClient-1-2] DEBUG org.asynchttpclient.netty.handler.HttpHandler - 

Request DefaultHttpRequest(decodeResult: success, version: HTTP/1.1)
POST /session/0954f7aea7189d6d0a895cf009ad5be9/element/f.293EC377388384B2FA32A6F990B01C91.d.70DCE5B21B6B1D6DDCB792299C5858DC.e.64/click HTTP/1.1
User-Agent: selenium/4.1.2 (java windows)
Content-Length: 88
Content-Type: application/json; charset=utf-8
host: localhost:62279
accept: */*

Response DefaultHttpResponse(decodeResult: success, version: HTTP/1.1)
HTTP/1.1 200 OK
Content-Type: application/json; charset=utf-8
cache-control: no-cache
content-length: 14

20:53:25.631 [AsyncHttpClient-1-2] DEBUG org.asynchttpclient.netty.channel.ChannelManager - Adding key: http://localhost:62279 for channel [id: 0x492dffaf, L:/127.0.0.1:57528 - R:localhost/127.0.0.1:62279]
20:53:26.083 [AsyncHttpClient-1-1] DEBUG org.asynchttpclient.netty.channel.DefaultChannelPool - Entry count for : http://localhost:62279 : 1
20:53:26.083 [AsyncHttpClient-1-1] DEBUG org.asynchttpclient.netty.channel.DefaultChannelPool - Entry count for : http://localhost:57531 : 1
20:53:27.181 [AsyncHttpClient-1-1] DEBUG org.asynchttpclient.netty.channel.DefaultChannelPool - Entry count for : http://localhost:62279 : 1
20:53:27.181 [AsyncHttpClient-1-1] DEBUG org.asynchttpclient.netty.channel.DefaultChannelPool - Entry count for : http://localhost:57531 : 1
20:53:28.281 [AsyncHttpClient-1-1] DEBUG org.asynchttpclient.netty.channel.DefaultChannelPool - Entry count for : http://localhost:62279 : 1
20:53:28.281 [AsyncHttpClient-1-1] DEBUG org.asynchttpclient.netty.channel.DefaultChannelPool - Entry count for : http://localhost:57531 : 1
20:53:29.383 [AsyncHttpClient-1-1] DEBUG org.asynchttpclient.netty.channel.DefaultChannelPool - Entry count for : http://localhost:62279 : 1
20:53:29.383 [AsyncHttpClient-1-1] DEBUG org.asynchttpclient.netty.channel.DefaultChannelPool - Entry count for : http://localhost:57531 : 1
20:53:30.479 [AsyncHttpClient-1-1] DEBUG org.asynchttpclient.netty.channel.DefaultChannelPool - Entry count for : http://localhost:62279 : 1
20:53:30.479 [AsyncHttpClient-1-1] DEBUG org.asynchttpclient.netty.channel.DefaultChannelPool - Entry count for : http://localhost:57531 : 1
20:53:30.647 [Forwarding findElement on session 0954f7aea7189d6d0a895cf009ad5be9 to remote] DEBUG org.asynchttpclient.netty.request.NettyRequestSender - Using pooled Channel '[id: 0x492dffaf, L:/127.0.0.1:57528 - R:localhost/127.0.0.1:62279]' for 'POST' to 'http://localhost:62279/session/0954f7aea7189d6d0a895cf009ad5be9/element'
20:53:30.647 [Forwarding findElement on session 0954f7aea7189d6d0a895cf009ad5be9 to remote] DEBUG org.asynchttpclient.netty.request.NettyRequestSender - Using open Channel [id: 0x492dffaf, L:/127.0.0.1:57528 - R:localhost/127.0.0.1:62279] for POST '/session/0954f7aea7189d6d0a895cf009ad5be9/element'
20:53:30.654 [AsyncHttpClient-1-2] DEBUG org.asynchttpclient.netty.handler.HttpHandler - 

Request DefaultHttpRequest(decodeResult: success, version: HTTP/1.1)
POST /session/0954f7aea7189d6d0a895cf009ad5be9/element HTTP/1.1
User-Agent: selenium/4.1.2 (java windows)
Content-Length: 50
Content-Type: application/json; charset=utf-8
host: localhost:62279
accept: */*

Response DefaultHttpResponse(decodeResult: success, version: HTTP/1.1)
HTTP/1.1 200 OK
Content-Type: application/json; charset=utf-8
cache-control: no-cache
content-length: 126

20:53:30.654 [AsyncHttpClient-1-2] DEBUG org.asynchttpclient.netty.channel.ChannelManager - Adding key: http://localhost:62279 for channel [id: 0x492dffaf, L:/127.0.0.1:57528 - R:localhost/127.0.0.1:62279]
20:53:30.656 [Forwarding getElementText on session 0954f7aea7189d6d0a895cf009ad5be9 to remote] DEBUG org.asynchttpclient.netty.request.NettyRequestSender - Using pooled Channel '[id: 0x492dffaf, L:/127.0.0.1:57528 - R:localhost/127.0.0.1:62279]' for 'GET' to 'http://localhost:62279/session/0954f7aea7189d6d0a895cf009ad5be9/element/f.293EC377388384B2FA32A6F990B01C91.d.70DCE5B21B6B1D6DDCB792299C5858DC.e.65/text'
20:53:30.656 [Forwarding getElementText on session 0954f7aea7189d6d0a895cf009ad5be9 to remote] DEBUG org.asynchttpclient.netty.request.NettyRequestSender - Using open Channel [id: 0x492dffaf, L:/127.0.0.1:57528 - R:localhost/127.0.0.1:62279] for GET '/session/0954f7aea7189d6d0a895cf009ad5be9/element/f.293EC377388384B2FA32A6F990B01C91.d.70DCE5B21B6B1D6DDCB792299C5858DC.e.65/text'
20:53:30.664 [AsyncHttpClient-1-2] DEBUG org.asynchttpclient.netty.handler.HttpHandler - 

Request DefaultFullHttpRequest(decodeResult: success, version: HTTP/1.1, content: EmptyByteBufBE)
GET /session/0954f7aea7189d6d0a895cf009ad5be9/element/f.293EC377388384B2FA32A6F990B01C91.d.70DCE5B21B6B1D6DDCB792299C5858DC.e.65/text HTTP/1.1
User-Agent: selenium/4.1.2 (java windows)
Cache-Control: no-cache
Content-Type: application/json; charset=utf-8
host: localhost:62279
accept: */*

Response DefaultHttpResponse(decodeResult: success, version: HTTP/1.1)
HTTP/1.1 200 OK
Content-Type: application/json; charset=utf-8
cache-control: no-cache
content-length: 37

20:53:30.664 [AsyncHttpClient-1-2] DEBUG org.asynchttpclient.netty.channel.ChannelManager - Adding key: http://localhost:62279 for channel [id: 0x492dffaf, L:/127.0.0.1:57528 - R:localhost/127.0.0.1:62279]
20:53:30.665 [Forwarding findElement on session 0954f7aea7189d6d0a895cf009ad5be9 to remote] DEBUG org.asynchttpclient.netty.request.NettyRequestSender - Using pooled Channel '[id: 0x492dffaf, L:/127.0.0.1:57528 - R:localhost/127.0.0.1:62279]' for 'POST' to 'http://localhost:62279/session/0954f7aea7189d6d0a895cf009ad5be9/element'
20:53:30.666 [Forwarding findElement on session 0954f7aea7189d6d0a895cf009ad5be9 to remote] DEBUG org.asynchttpclient.netty.request.NettyRequestSender - Using open Channel [id: 0x492dffaf, L:/127.0.0.1:57528 - R:localhost/127.0.0.1:62279] for POST '/session/0954f7aea7189d6d0a895cf009ad5be9/element'
20:53:30.673 [AsyncHttpClient-1-2] DEBUG org.asynchttpclient.netty.handler.HttpHandler - 

Request DefaultHttpRequest(decodeResult: success, version: HTTP/1.1)
POST /session/0954f7aea7189d6d0a895cf009ad5be9/element HTTP/1.1
User-Agent: selenium/4.1.2 (java windows)
Content-Length: 50
Content-Type: application/json; charset=utf-8
host: localhost:62279
accept: */*

Response DefaultHttpResponse(decodeResult: success, version: HTTP/1.1)
HTTP/1.1 200 OK
Content-Type: application/json; charset=utf-8
cache-control: no-cache
content-length: 126

20:53:30.673 [AsyncHttpClient-1-2] DEBUG org.asynchttpclient.netty.channel.ChannelManager - Adding key: http://localhost:62279 for channel [id: 0x492dffaf, L:/127.0.0.1:57528 - R:localhost/127.0.0.1:62279]
20:53:30.675 [Forwarding getElementValueOfCssProperty on session 0954f7aea7189d6d0a895cf009ad5be9 to remote] DEBUG org.asynchttpclient.netty.request.NettyRequestSender - Using pooled Channel '[id: 0x492dffaf, L:/127.0.0.1:57528 - R:localhost/127.0.0.1:62279]' for 'GET' to 'http://localhost:62279/session/0954f7aea7189d6d0a895cf009ad5be9/element/f.293EC377388384B2FA32A6F990B01C91.d.70DCE5B21B6B1D6DDCB792299C5858DC.e.65/css/display'
20:53:30.675 [Forwarding getElementValueOfCssProperty on session 0954f7aea7189d6d0a895cf009ad5be9 to remote] DEBUG org.asynchttpclient.netty.request.NettyRequestSender - Using open Channel [id: 0x492dffaf, L:/127.0.0.1:57528 - R:localhost/127.0.0.1:62279] for GET '/session/0954f7aea7189d6d0a895cf009ad5be9/element/f.293EC377388384B2FA32A6F990B01C91.d.70DCE5B21B6B1D6DDCB792299C5858DC.e.65/css/display'
20:53:30.682 [AsyncHttpClient-1-2] DEBUG org.asynchttpclient.netty.handler.HttpHandler - 

Request DefaultFullHttpRequest(decodeResult: success, version: HTTP/1.1, content: EmptyByteBufBE)
GET /session/0954f7aea7189d6d0a895cf009ad5be9/element/f.293EC377388384B2FA32A6F990B01C91.d.70DCE5B21B6B1D6DDCB792299C5858DC.e.65/css/display HTTP/1.1
User-Agent: selenium/4.1.2 (java windows)
Cache-Control: no-cache
Content-Type: application/json; charset=utf-8
host: localhost:62279
accept: */*

Response DefaultHttpResponse(decodeResult: success, version: HTTP/1.1)
HTTP/1.1 200 OK
Content-Type: application/json; charset=utf-8
cache-control: no-cache
content-length: 17

20:53:30.682 [AsyncHttpClient-1-2] DEBUG org.asynchttpclient.netty.channel.ChannelManager - Adding key: http://localhost:62279 for channel [id: 0x492dffaf, L:/127.0.0.1:57528 - R:localhost/127.0.0.1:62279]
]]></system-out>
  </testcase>
</testsuite>